{"meta": {"format": 3, "version": "7.13.5", "timestamp": "2026-03-30T20:52:02.833349", "branch_coverage": false, "show_contexts": false}, "files": {"__init__.py": {"executed_lines": [], "summary": {"covered_lines": 0, "num_statements": 0, "percent_covered": 100.0, "percent_covered_display": "100.0", "missing_lines": 0, "excluded_lines": 0, "percent_statements_covered": 100.0, "percent_statements_covered_display": "100.0"}, "missing_lines": [], "excluded_lines": [], "functions": {"": {"executed_lines": [], "summary": {"covered_lines": 0, "num_statements": 0, "percent_covered": 100.0, "percent_covered_display": "100.0", "missing_lines": 0, "excluded_lines": 0, "percent_statements_covered": 100.0, "percent_statements_covered_display": "100.0"}, "missing_lines": [], "excluded_lines": [], "start_line": 1}}, "classes": {"": {"executed_lines": [], "summary": {"covered_lines": 0, "num_statements": 0, "percent_covered": 100.0, "percent_covered_display": "100.0", "missing_lines": 0, "excluded_lines": 0, "percent_statements_covered": 100.0, "percent_statements_covered_display": "100.0"}, "missing_lines": [], "excluded_lines": [], "start_line": 1}}}, "auth_helper/__init__.py": {"executed_lines": [], "summary": {"covered_lines": 0, "num_statements": 0, "percent_covered": 100.0, "percent_covered_display": "100.0", "missing_lines": 0, "excluded_lines": 0, "percent_statements_covered": 100.0, "percent_statements_covered_display": "100.0"}, "missing_lines": [], "excluded_lines": [], "functions": {"": {"executed_lines": [], "summary": {"covered_lines": 0, "num_statements": 0, "percent_covered": 100.0, "percent_covered_display": "100.0", "missing_lines": 0, "excluded_lines": 0, "percent_statements_covered": 100.0, "percent_statements_covered_display": "100.0"}, "missing_lines": [], "excluded_lines": [], "start_line": 1}}, "classes": {"": {"executed_lines": [], "summary": {"covered_lines": 0, "num_statements": 0, "percent_covered": 100.0, "percent_covered_display": "100.0", "missing_lines": 0, "excluded_lines": 0, "percent_statements_covered": 100.0, "percent_statements_covered_display": "100.0"}, "missing_lines": [], "excluded_lines": [], "start_line": 1}}}, "auth_helper/admin.py": {"executed_lines": [], "summary": {"covered_lines": 0, "num_statements": 0, "percent_covered": 100.0, "percent_covered_display": "100.0", "missing_lines": 0, "excluded_lines": 0, "percent_statements_covered": 100.0, "percent_statements_covered_display": "100.0"}, "missing_lines": [], "excluded_lines": [], "functions": {"": {"executed_lines": [], "summary": {"covered_lines": 0, "num_statements": 0, "percent_covered": 100.0, "percent_covered_display": "100.0", "missing_lines": 0, "excluded_lines": 0, "percent_statements_covered": 100.0, "percent_statements_covered_display": "100.0"}, "missing_lines": [], "excluded_lines": [], "start_line": 1}}, "classes": {"": {"executed_lines": [], "summary": {"covered_lines": 0, "num_statements": 0, "percent_covered": 100.0, "percent_covered_display": "100.0", "missing_lines": 0, "excluded_lines": 0, "percent_statements_covered": 100.0, "percent_statements_covered_display": "100.0"}, "missing_lines": [], "excluded_lines": [], "start_line": 1}}}, "auth_helper/apps.py": {"executed_lines": [], "summary": {"covered_lines": 0, "num_statements": 3, "percent_covered": 0.0, "percent_covered_display": "0.0", "missing_lines": 3, "excluded_lines": 0, "percent_statements_covered": 0.0, "percent_statements_covered_display": "0.0"}, "missing_lines": [1, 4, 5], "excluded_lines": [], "functions": {"": {"executed_lines": [], "summary": {"covered_lines": 0, "num_statements": 3, "percent_covered": 0.0, "percent_covered_display": "0.0", "missing_lines": 3, "excluded_lines": 0, "percent_statements_covered": 0.0, "percent_statements_covered_display": "0.0"}, "missing_lines": [1, 4, 5], "excluded_lines": [], "start_line": 1}}, "classes": {"AuthHelperConfig": {"executed_lines": [], "summary": {"covered_lines": 0, "num_statements": 0, "percent_covered": 100.0, "percent_covered_display": "100.0", "missing_lines": 0, "excluded_lines": 0, "percent_statements_covered": 100.0, "percent_statements_covered_display": "100.0"}, "missing_lines": [], "excluded_lines": [], "start_line": 4}, "": {"executed_lines": [], "summary": {"covered_lines": 0, "num_statements": 3, "percent_covered": 0.0, "percent_covered_display": "0.0", "missing_lines": 3, "excluded_lines": 0, "percent_statements_covered": 0.0, "percent_statements_covered_display": "0.0"}, "missing_lines": [1, 4, 5], "excluded_lines": [], "start_line": 1}}}, "auth_helper/common.py": {"executed_lines": [1, 3, 4, 5, 7, 10, 36, 37, 45, 66], "summary": {"covered_lines": 10, "num_statements": 25, "percent_covered": 40.0, "percent_covered_display": "40.0", "missing_lines": 15, "excluded_lines": 0, "percent_statements_covered": 40.0, "percent_statements_covered_display": "40.0"}, "missing_lines": [17, 18, 19, 21, 22, 29, 41, 42, 43, 52, 53, 60, 70, 71, 72], "excluded_lines": [], "functions": {"get_redis": {"executed_lines": [], "summary": {"covered_lines": 0, "num_statements": 6, "percent_covered": 0.0, "percent_covered_display": "0.0", "missing_lines": 6, "excluded_lines": 0, "percent_statements_covered": 0.0, "percent_statements_covered_display": "0.0"}, "missing_lines": [17, 18, 19, 21, 22, 29], "excluded_lines": [], "start_line": 10}, "RedisHelper.__init__": {"executed_lines": [], "summary": {"covered_lines": 0, "num_statements": 3, "percent_covered": 0.0, "percent_covered_display": "0.0", "missing_lines": 3, "excluded_lines": 0, "percent_statements_covered": 0.0, "percent_statements_covered_display": "0.0"}, "missing_lines": [41, 42, 43], "excluded_lines": [], "start_line": 37}, "RedisHelper._get_redis_instance": {"executed_lines": [], "summary": {"covered_lines": 0, "num_statements": 3, "percent_covered": 0.0, "percent_covered_display": "0.0", "missing_lines": 3, "excluded_lines": 0, "percent_statements_covered": 0.0, "percent_statements_covered_display": "0.0"}, "missing_lines": [52, 53, 60], "excluded_lines": [], "start_line": 45}, "RedisHelper.flush_db": {"executed_lines": [], "summary": {"covered_lines": 0, "num_statements": 3, "percent_covered": 0.0, "percent_covered_display": "0.0", "missing_lines": 3, "excluded_lines": 0, "percent_statements_covered": 0.0, "percent_statements_covered_display": "0.0"}, "missing_lines": [70, 71, 72], "excluded_lines": [], "start_line": 66}, "": {"executed_lines": [1, 3, 4, 5, 7, 10, 36, 37, 45, 66], "summary": {"covered_lines": 10, "num_statements": 10, "percent_covered": 100.0, "percent_covered_display": "100.0", "missing_lines": 0, "excluded_lines": 0, "percent_statements_covered": 100.0, "percent_statements_covered_display": "100.0"}, "missing_lines": [], "excluded_lines": [], "start_line": 1}}, "classes": {"RedisHelper": {"executed_lines": [], "summary": {"covered_lines": 0, "num_statements": 9, "percent_covered": 0.0, "percent_covered_display": "0.0", "missing_lines": 9, "excluded_lines": 0, "percent_statements_covered": 0.0, "percent_statements_covered_display": "0.0"}, "missing_lines": [41, 42, 43, 52, 53, 60, 70, 71, 72], "excluded_lines": [], "start_line": 36}, "": {"executed_lines": [1, 3, 4, 5, 7, 10, 36, 37, 45, 66], "summary": {"covered_lines": 10, "num_statements": 16, "percent_covered": 62.5, "percent_covered_display": "62.5", "missing_lines": 6, "excluded_lines": 0, "percent_statements_covered": 62.5, "percent_statements_covered_display": "62.5"}, "missing_lines": [17, 18, 19, 21, 22, 29], "excluded_lines": [], "start_line": 1}}}, "auth_helper/dss_auth_helper.py": {"executed_lines": [1, 2, 3, 5, 6, 7, 9, 11, 12, 13, 16, 39, 43, 66, 76, 83, 86, 89, 92], "summary": {"covered_lines": 19, "num_statements": 70, "percent_covered": 27.142857142857142, "percent_covered_display": "27.1", "missing_lines": 51, "excluded_lines": 0, "percent_statements_covered": 27.142857142857142, "percent_statements_covered_display": "27.1"}, "missing_lines": [40, 41, 44, 45, 46, 47, 48, 49, 51, 52, 53, 55, 56, 57, 58, 59, 60, 62, 63, 64, 67, 68, 69, 70, 71, 72, 74, 77, 81, 84, 87, 90, 93, 94, 96, 98, 99, 106, 107, 108, 109, 110, 111, 113, 121, 122, 123, 124, 125, 126, 127], "excluded_lines": [], "functions": {"AuthorityCredentialsGetter.__init__": {"executed_lines": [], "summary": {"covered_lines": 0, "num_statements": 2, "percent_covered": 0.0, "percent_covered_display": "0.0", "missing_lines": 2, "excluded_lines": 0, "percent_statements_covered": 0.0, "percent_statements_covered_display": "0.0"}, "missing_lines": [40, 41], "excluded_lines": [], "start_line": 39}, "AuthorityCredentialsGetter.get_cached_credentials": {"executed_lines": [], "summary": {"covered_lines": 0, "num_statements": 18, "percent_covered": 0.0, "percent_covered_display": "0.0", "missing_lines": 18, "excluded_lines": 0, "percent_statements_covered": 0.0, "percent_statements_covered_display": "0.0"}, "missing_lines": [44, 45, 46, 47, 48, 49, 51, 52, 53, 55, 56, 57, 58, 59, 60, 62, 63, 64], "excluded_lines": [], "start_line": 43}, "AuthorityCredentialsGetter._get_credentials": {"executed_lines": [], "summary": {"covered_lines": 0, "num_statements": 7, "percent_covered": 0.0, "percent_covered_display": "0.0", "missing_lines": 7, "excluded_lines": 0, "percent_statements_covered": 0.0, "percent_statements_covered_display": "0.0"}, "missing_lines": [67, 68, 69, 70, 71, 72, 74], "excluded_lines": [], "start_line": 66}, "AuthorityCredentialsGetter._cache_credentials": {"executed_lines": [], "summary": {"covered_lines": 0, "num_statements": 2, "percent_covered": 0.0, "percent_covered_display": "0.0", "missing_lines": 2, "excluded_lines": 0, "percent_statements_covered": 0.0, "percent_statements_covered_display": "0.0"}, "missing_lines": [77, 81], "excluded_lines": [], "start_line": 76}, "AuthorityCredentialsGetter._get_rid_credentials": {"executed_lines": [], "summary": {"covered_lines": 0, "num_statements": 1, "percent_covered": 0.0, "percent_covered_display": "0.0", "missing_lines": 1, "excluded_lines": 0, "percent_statements_covered": 0.0, "percent_statements_covered_display": "0.0"}, "missing_lines": [84], "excluded_lines": [], "start_line": 83}, "AuthorityCredentialsGetter._get_scd_credentials": {"executed_lines": [], "summary": {"covered_lines": 0, "num_statements": 1, "percent_covered": 0.0, "percent_covered_display": "0.0", "missing_lines": 1, "excluded_lines": 0, "percent_statements_covered": 0.0, "percent_statements_covered_display": "0.0"}, "missing_lines": [87], "excluded_lines": [], "start_line": 86}, "AuthorityCredentialsGetter._get_constraints_credentials": {"executed_lines": [], "summary": {"covered_lines": 0, "num_statements": 1, "percent_covered": 0.0, "percent_covered_display": "0.0", "missing_lines": 1, "excluded_lines": 0, "percent_statements_covered": 0.0, "percent_statements_covered_display": "0.0"}, "missing_lines": [90], "excluded_lines": [], "start_line": 89}, "AuthorityCredentialsGetter._request_credentials": {"executed_lines": [], "summary": {"covered_lines": 0, "num_statements": 19, "percent_covered": 0.0, "percent_covered_display": "0.0", "missing_lines": 19, "excluded_lines": 0, "percent_statements_covered": 0.0, "percent_statements_covered_display": "0.0"}, "missing_lines": [93, 94, 96, 98, 99, 106, 107, 108, 109, 110, 111, 113, 121, 122, 123, 124, 125, 126, 127], "excluded_lines": [], "start_line": 92}, "": {"executed_lines": [1, 2, 3, 5, 6, 7, 9, 11, 12, 13, 16, 39, 43, 66, 76, 83, 86, 89, 92], "summary": {"covered_lines": 19, "num_statements": 19, "percent_covered": 100.0, "percent_covered_display": "100.0", "missing_lines": 0, "excluded_lines": 0, "percent_statements_covered": 100.0, "percent_statements_covered_display": "100.0"}, "missing_lines": [], "excluded_lines": [], "start_line": 1}}, "classes": {"AuthorityCredentialsGetter": {"executed_lines": [], "summary": {"covered_lines": 0, "num_statements": 51, "percent_covered": 0.0, "percent_covered_display": "0.0", "missing_lines": 51, "excluded_lines": 0, "percent_statements_covered": 0.0, "percent_statements_covered_display": "0.0"}, "missing_lines": [40, 41, 44, 45, 46, 47, 48, 49, 51, 52, 53, 55, 56, 57, 58, 59, 60, 62, 63, 64, 67, 68, 69, 70, 71, 72, 74, 77, 81, 84, 87, 90, 93, 94, 96, 98, 99, 106, 107, 108, 109, 110, 111, 113, 121, 122, 123, 124, 125, 126, 127], "excluded_lines": [], "start_line": 16}, "": {"executed_lines": [1, 2, 3, 5, 6, 7, 9, 11, 12, 13, 16, 39, 43, 66, 76, 83, 86, 89, 92], "summary": {"covered_lines": 19, "num_statements": 19, "percent_covered": 100.0, "percent_covered_display": "100.0", "missing_lines": 0, "excluded_lines": 0, "percent_statements_covered": 100.0, "percent_statements_covered_display": "100.0"}, "missing_lines": [], "excluded_lines": [], "start_line": 1}}}, "auth_helper/models.py": {"executed_lines": [], "summary": {"covered_lines": 0, "num_statements": 0, "percent_covered": 100.0, "percent_covered_display": "100.0", "missing_lines": 0, "excluded_lines": 0, "percent_statements_covered": 100.0, "percent_statements_covered_display": "100.0"}, "missing_lines": [], "excluded_lines": [], "functions": {"": {"executed_lines": [], "summary": {"covered_lines": 0, "num_statements": 0, "percent_covered": 100.0, "percent_covered_display": "100.0", "missing_lines": 0, "excluded_lines": 0, "percent_statements_covered": 100.0, "percent_statements_covered_display": "100.0"}, "missing_lines": [], "excluded_lines": [], "start_line": 1}}, "classes": {"": {"executed_lines": [], "summary": {"covered_lines": 0, "num_statements": 0, "percent_covered": 100.0, "percent_covered_display": "100.0", "missing_lines": 0, "excluded_lines": 0, "percent_statements_covered": 100.0, "percent_statements_covered_display": "100.0"}, "missing_lines": [], "excluded_lines": [], "start_line": 1}}}, "auth_helper/utils.py": {"executed_lines": [1, 2, 3, 4, 6, 7, 8, 9, 10, 11, 13, 16, 22, 43, 45, 46, 47, 135, 137, 140, 169, 170, 173], "summary": {"covered_lines": 23, "num_statements": 93, "percent_covered": 24.731182795698924, "percent_covered_display": "24.7", "missing_lines": 70, "excluded_lines": 0, "percent_statements_covered": 24.731182795698924, "percent_statements_covered_display": "24.7"}, "missing_lines": [17, 18, 19, 48, 49, 50, 51, 53, 54, 55, 57, 58, 59, 60, 65, 66, 67, 68, 69, 71, 72, 74, 75, 76, 78, 79, 80, 81, 85, 86, 87, 88, 89, 90, 94, 95, 97, 99, 100, 101, 106, 107, 108, 115, 124, 125, 129, 130, 131, 133, 141, 142, 143, 144, 145, 146, 147, 149, 150, 151, 155, 156, 157, 158, 160, 161, 166, 171, 174, 175], "excluded_lines": [], "functions": {"jwt_get_username_from_payload_handler": {"executed_lines": [], "summary": {"covered_lines": 0, "num_statements": 3, "percent_covered": 0.0, "percent_covered_display": "0.0", "missing_lines": 3, "excluded_lines": 0, "percent_statements_covered": 0.0, "percent_statements_covered_display": "0.0"}, "missing_lines": [17, 18, 19], "excluded_lines": [], "start_line": 16}, "requires_scopes": {"executed_lines": [43, 45, 46, 137], "summary": {"covered_lines": 4, "num_statements": 4, "percent_covered": 100.0, "percent_covered_display": "100.0", "missing_lines": 0, "excluded_lines": 0, "percent_statements_covered": 100.0, "percent_statements_covered_display": "100.0"}, "missing_lines": [], "excluded_lines": [], "start_line": 22}, "requires_scopes.require_scope": {"executed_lines": [47, 135], "summary": {"covered_lines": 2, "num_statements": 2, "percent_covered": 100.0, "percent_covered_display": "100.0", "missing_lines": 0, "excluded_lines": 0, "percent_statements_covered": 100.0, "percent_statements_covered_display": "100.0"}, "missing_lines": [], "excluded_lines": [], "start_line": 45}, "requires_scopes.require_scope.decorated": {"executed_lines": [], "summary": {"covered_lines": 0, "num_statements": 47, "percent_covered": 0.0, "percent_covered_display": "0.0", "missing_lines": 47, "excluded_lines": 0, "percent_statements_covered": 0.0, "percent_statements_covered_display": "0.0"}, "missing_lines": [48, 49, 50, 51, 53, 54, 55, 57, 58, 59, 60, 65, 66, 67, 68, 69, 71, 72, 74, 75, 76, 78, 79, 80, 81, 85, 86, 87, 88, 89, 90, 94, 95, 97, 99, 100, 101, 106, 107, 108, 115, 124, 125, 129, 130, 131, 133], "excluded_lines": [], "start_line": 47}, "handle_bypass_verification": {"executed_lines": [], "summary": {"covered_lines": 0, "num_statements": 17, "percent_covered": 0.0, "percent_covered_display": "0.0", "missing_lines": 17, "excluded_lines": 0, "percent_statements_covered": 0.0, "percent_statements_covered_display": "0.0"}, "missing_lines": [141, 142, 143, 144, 145, 146, 147, 149, 150, 151, 155, 156, 157, 158, 160, 161, 166], "excluded_lines": [], "start_line": 140}, "BearerAuth.__init__": {"executed_lines": [], "summary": {"covered_lines": 0, "num_statements": 1, "percent_covered": 0.0, "percent_covered_display": "0.0", "missing_lines": 1, "excluded_lines": 0, "percent_statements_covered": 0.0, "percent_statements_covered_display": "0.0"}, "missing_lines": [171], "excluded_lines": [], "start_line": 170}, "BearerAuth.__call__": {"executed_lines": [], "summary": {"covered_lines": 0, "num_statements": 2, "percent_covered": 0.0, "percent_covered_display": "0.0", "missing_lines": 2, "excluded_lines": 0, "percent_statements_covered": 0.0, "percent_statements_covered_display": "0.0"}, "missing_lines": [174, 175], "excluded_lines": [], "start_line": 173}, "": {"executed_lines": [1, 2, 3, 4, 6, 7, 8, 9, 10, 11, 13, 16, 22, 140, 169, 170, 173], "summary": {"covered_lines": 17, "num_statements": 17, "percent_covered": 100.0, "percent_covered_display": "100.0", "missing_lines": 0, "excluded_lines": 0, "percent_statements_covered": 100.0, "percent_statements_covered_display": "100.0"}, "missing_lines": [], "excluded_lines": [], "start_line": 1}}, "classes": {"BearerAuth": {"executed_lines": [], "summary": {"covered_lines": 0, "num_statements": 3, "percent_covered": 0.0, "percent_covered_display": "0.0", "missing_lines": 3, "excluded_lines": 0, "percent_statements_covered": 0.0, "percent_statements_covered_display": "0.0"}, "missing_lines": [171, 174, 175], "excluded_lines": [], "start_line": 169}, "": {"executed_lines": [1, 2, 3, 4, 6, 7, 8, 9, 10, 11, 13, 16, 22, 43, 45, 46, 47, 135, 137, 140, 169, 170, 173], "summary": {"covered_lines": 23, "num_statements": 90, "percent_covered": 25.555555555555557, "percent_covered_display": "25.6", "missing_lines": 67, "excluded_lines": 0, "percent_statements_covered": 25.555555555555557, "percent_statements_covered_display": "25.6"}, "missing_lines": [17, 18, 19, 48, 49, 50, 51, 53, 54, 55, 57, 58, 59, 60, 65, 66, 67, 68, 69, 71, 72, 74, 75, 76, 78, 79, 80, 81, 85, 86, 87, 88, 89, 90, 94, 95, 97, 99, 100, 101, 106, 107, 108, 115, 124, 125, 129, 130, 131, 133, 141, 142, 143, 144, 145, 146, 147, 149, 150, 151, 155, 156, 157, 158, 160, 161, 166], "excluded_lines": [], "start_line": 1}}}, "auth_helper/views.py": {"executed_lines": [], "summary": {"covered_lines": 0, "num_statements": 0, "percent_covered": 100.0, "percent_covered_display": "100.0", "missing_lines": 0, "excluded_lines": 0, "percent_statements_covered": 100.0, "percent_statements_covered_display": "100.0"}, "missing_lines": [], "excluded_lines": [], "functions": {"": {"executed_lines": [], "summary": {"covered_lines": 0, "num_statements": 0, "percent_covered": 100.0, "percent_covered_display": "100.0", "missing_lines": 0, "excluded_lines": 0, "percent_statements_covered": 100.0, "percent_statements_covered_display": "100.0"}, "missing_lines": [], "excluded_lines": [], "start_line": 1}}, "classes": {"": {"executed_lines": [], "summary": {"covered_lines": 0, "num_statements": 0, "percent_covered": 100.0, "percent_covered_display": "100.0", "missing_lines": 0, "excluded_lines": 0, "percent_statements_covered": 100.0, "percent_statements_covered_display": "100.0"}, "missing_lines": [], "excluded_lines": [], "start_line": 1}}}, "cisp_operations/__init__.py": {"executed_lines": [], "summary": {"covered_lines": 0, "num_statements": 0, "percent_covered": 100.0, "percent_covered_display": "100.0", "missing_lines": 0, "excluded_lines": 0, "percent_statements_covered": 100.0, "percent_statements_covered_display": "100.0"}, "missing_lines": [], "excluded_lines": [], "functions": {"": {"executed_lines": [], "summary": {"covered_lines": 0, "num_statements": 0, "percent_covered": 100.0, "percent_covered_display": "100.0", "missing_lines": 0, "excluded_lines": 0, "percent_statements_covered": 100.0, "percent_statements_covered_display": "100.0"}, "missing_lines": [], "excluded_lines": [], "start_line": 1}}, "classes": {"": {"executed_lines": [], "summary": {"covered_lines": 0, "num_statements": 0, "percent_covered": 100.0, "percent_covered_display": "100.0", "missing_lines": 0, "excluded_lines": 0, "percent_statements_covered": 100.0, "percent_statements_covered_display": "100.0"}, "missing_lines": [], "excluded_lines": [], "start_line": 1}}}, "cisp_operations/admin.py": {"executed_lines": [], "summary": {"covered_lines": 0, "num_statements": 0, "percent_covered": 100.0, "percent_covered_display": "100.0", "missing_lines": 0, "excluded_lines": 0, "percent_statements_covered": 100.0, "percent_statements_covered_display": "100.0"}, "missing_lines": [], "excluded_lines": [], "functions": {"": {"executed_lines": [], "summary": {"covered_lines": 0, "num_statements": 0, "percent_covered": 100.0, "percent_covered_display": "100.0", "missing_lines": 0, "excluded_lines": 0, "percent_statements_covered": 100.0, "percent_statements_covered_display": "100.0"}, "missing_lines": [], "excluded_lines": [], "start_line": 1}}, "classes": {"": {"executed_lines": [], "summary": {"covered_lines": 0, "num_statements": 0, "percent_covered": 100.0, "percent_covered_display": "100.0", "missing_lines": 0, "excluded_lines": 0, "percent_statements_covered": 100.0, "percent_statements_covered_display": "100.0"}, "missing_lines": [], "excluded_lines": [], "start_line": 1}}}, "cisp_operations/apps.py": {"executed_lines": [], "summary": {"covered_lines": 0, "num_statements": 4, "percent_covered": 0.0, "percent_covered_display": "0.0", "missing_lines": 4, "excluded_lines": 0, "percent_statements_covered": 0.0, "percent_statements_covered_display": "0.0"}, "missing_lines": [1, 4, 5, 6], "excluded_lines": [], "functions": {"": {"executed_lines": [], "summary": {"covered_lines": 0, "num_statements": 4, "percent_covered": 0.0, "percent_covered_display": "0.0", "missing_lines": 4, "excluded_lines": 0, "percent_statements_covered": 0.0, "percent_statements_covered_display": "0.0"}, "missing_lines": [1, 4, 5, 6], "excluded_lines": [], "start_line": 1}}, "classes": {"CispOperationsConfig": {"executed_lines": [], "summary": {"covered_lines": 0, "num_statements": 0, "percent_covered": 100.0, "percent_covered_display": "100.0", "missing_lines": 0, "excluded_lines": 0, "percent_statements_covered": 100.0, "percent_statements_covered_display": "100.0"}, "missing_lines": [], "excluded_lines": [], "start_line": 4}, "": {"executed_lines": [], "summary": {"covered_lines": 0, "num_statements": 4, "percent_covered": 0.0, "percent_covered_display": "0.0", "missing_lines": 4, "excluded_lines": 0, "percent_statements_covered": 0.0, "percent_statements_covered_display": "0.0"}, "missing_lines": [1, 4, 5, 6], "excluded_lines": [], "start_line": 1}}}, "cisp_operations/models.py": {"executed_lines": [], "summary": {"covered_lines": 0, "num_statements": 0, "percent_covered": 100.0, "percent_covered_display": "100.0", "missing_lines": 0, "excluded_lines": 0, "percent_statements_covered": 100.0, "percent_statements_covered_display": "100.0"}, "missing_lines": [], "excluded_lines": [], "functions": {"": {"executed_lines": [], "summary": {"covered_lines": 0, "num_statements": 0, "percent_covered": 100.0, "percent_covered_display": "100.0", "missing_lines": 0, "excluded_lines": 0, "percent_statements_covered": 100.0, "percent_statements_covered_display": "100.0"}, "missing_lines": [], "excluded_lines": [], "start_line": 1}}, "classes": {"": {"executed_lines": [], "summary": {"covered_lines": 0, "num_statements": 0, "percent_covered": 100.0, "percent_covered_display": "100.0", "missing_lines": 0, "excluded_lines": 0, "percent_statements_covered": 100.0, "percent_statements_covered_display": "100.0"}, "missing_lines": [], "excluded_lines": [], "start_line": 1}}}, "cisp_operations/views.py": {"executed_lines": [], "summary": {"covered_lines": 0, "num_statements": 0, "percent_covered": 100.0, "percent_covered_display": "100.0", "missing_lines": 0, "excluded_lines": 0, "percent_statements_covered": 100.0, "percent_statements_covered_display": "100.0"}, "missing_lines": [], "excluded_lines": [], "functions": {"": {"executed_lines": [], "summary": {"covered_lines": 0, "num_statements": 0, "percent_covered": 100.0, "percent_covered_display": "100.0", "missing_lines": 0, "excluded_lines": 0, "percent_statements_covered": 100.0, "percent_statements_covered_display": "100.0"}, "missing_lines": [], "excluded_lines": [], "start_line": 1}}, "classes": {"": {"executed_lines": [], "summary": {"covered_lines": 0, "num_statements": 0, "percent_covered": 100.0, "percent_covered_display": "100.0", "missing_lines": 0, "excluded_lines": 0, "percent_statements_covered": 100.0, "percent_statements_covered_display": "100.0"}, "missing_lines": [], "excluded_lines": [], "start_line": 1}}}, "common/auth_token_audience_helper.py": {"executed_lines": [1, 2, 5, 11], "summary": {"covered_lines": 4, "num_statements": 17, "percent_covered": 23.529411764705884, "percent_covered_display": "23.5", "missing_lines": 13, "excluded_lines": 0, "percent_statements_covered": 23.529411764705884, "percent_statements_covered_display": "23.5"}, "missing_lines": [6, 7, 8, 12, 19, 20, 21, 22, 24, 25, 27, 28, 30], "excluded_lines": [], "functions": {"process_localutm": {"executed_lines": [], "summary": {"covered_lines": 0, "num_statements": 3, "percent_covered": 0.0, "percent_covered_display": "0.0", "missing_lines": 3, "excluded_lines": 0, "percent_statements_covered": 0.0, "percent_statements_covered_display": "0.0"}, "missing_lines": [6, 7, 8], "excluded_lines": [], "start_line": 5}, "generate_audience_from_base_url": {"executed_lines": [], "summary": {"covered_lines": 0, "num_statements": 10, "percent_covered": 0.0, "percent_covered_display": "0.0", "missing_lines": 10, "excluded_lines": 0, "percent_statements_covered": 0.0, "percent_statements_covered_display": "0.0"}, "missing_lines": [12, 19, 20, 21, 22, 24, 25, 27, 28, 30], "excluded_lines": [], "start_line": 11}, "": {"executed_lines": [1, 2, 5, 11], "summary": {"covered_lines": 4, "num_statements": 4, "percent_covered": 100.0, "percent_covered_display": "100.0", "missing_lines": 0, "excluded_lines": 0, "percent_statements_covered": 100.0, "percent_statements_covered_display": "100.0"}, "missing_lines": [], "excluded_lines": [], "start_line": 1}}, "classes": {"": {"executed_lines": [1, 2, 5, 11], "summary": {"covered_lines": 4, "num_statements": 17, "percent_covered": 23.529411764705884, "percent_covered_display": "23.5", "missing_lines": 13, "excluded_lines": 0, "percent_statements_covered": 23.529411764705884, "percent_statements_covered_display": "23.5"}, "missing_lines": [6, 7, 8, 12, 19, 20, 21, 22, 24, 25, 27, 28, 30], "excluded_lines": [], "start_line": 1}}}, "common/base_traffic_data_fuser.py": {"executed_lines": [15, 17, 19, 20, 22, 23, 24, 33, 58, 75, 96, 128, 202, 216, 230, 247], "summary": {"covered_lines": 16, "num_statements": 58, "percent_covered": 27.586206896551722, "percent_covered_display": "27.6", "missing_lines": 42, "excluded_lines": 0, "percent_statements_covered": 27.586206896551722, "percent_statements_covered_display": "27.6"}, "missing_lines": [68, 69, 70, 71, 72, 89, 90, 91, 92, 93, 94, 109, 110, 112, 114, 115, 117, 118, 120, 121, 123, 124, 126, 147, 148, 149, 151, 153, 154, 155, 158, 164, 172, 181, 182, 189, 197, 199, 214, 228, 245, 262], "excluded_lines": [], "functions": {"BaseTrafficDataFuser.__init__": {"executed_lines": [], "summary": {"covered_lines": 0, "num_statements": 5, "percent_covered": 0.0, "percent_covered_display": "0.0", "missing_lines": 5, "excluded_lines": 0, "percent_statements_covered": 0.0, "percent_statements_covered_display": "0.0"}, "missing_lines": [68, 69, 70, 71, 72], "excluded_lines": [], "start_line": 58}, "BaseTrafficDataFuser.generate_track_messages": {"executed_lines": [], "summary": {"covered_lines": 0, "num_statements": 6, "percent_covered": 0.0, "percent_covered_display": "0.0", "missing_lines": 6, "excluded_lines": 0, "percent_statements_covered": 0.0, "percent_statements_covered_display": "0.0"}, "missing_lines": [89, 90, 91, 92, 93, 94], "excluded_lines": [], "start_line": 75}, "BaseTrafficDataFuser._generate_flight_speed_bearing": {"executed_lines": [], "summary": {"covered_lines": 0, "num_statements": 12, "percent_covered": 0.0, "percent_covered_display": "0.0", "missing_lines": 12, "excluded_lines": 0, "percent_statements_covered": 0.0, "percent_statements_covered_display": "0.0"}, "missing_lines": [109, 110, 112, 114, 115, 117, 118, 120, 121, 123, 124, 126], "excluded_lines": [], "start_line": 96}, "BaseTrafficDataFuser._generate_track_messages_impl": {"executed_lines": [], "summary": {"covered_lines": 0, "num_statements": 15, "percent_covered": 0.0, "percent_covered_display": "0.0", "missing_lines": 15, "excluded_lines": 0, "percent_statements_covered": 0.0, "percent_statements_covered_display": "0.0"}, "missing_lines": [147, 148, 149, 151, 153, 154, 155, 158, 164, 172, 181, 182, 189, 197, 199], "excluded_lines": [], "start_line": 128}, "BaseTrafficDataFuser._pre_process_raw_data": {"executed_lines": [], "summary": {"covered_lines": 0, "num_statements": 1, "percent_covered": 0.0, "percent_covered_display": "0.0", "missing_lines": 1, "excluded_lines": 0, "percent_statements_covered": 0.0, "percent_statements_covered_display": "0.0"}, "missing_lines": [214], "excluded_lines": [], "start_line": 202}, "BaseTrafficDataFuser._post_process_fused_data": {"executed_lines": [], "summary": {"covered_lines": 0, "num_statements": 1, "percent_covered": 0.0, "percent_covered_display": "0.0", "missing_lines": 1, "excluded_lines": 0, "percent_statements_covered": 0.0, "percent_statements_covered_display": "0.0"}, "missing_lines": [228], "excluded_lines": [], "start_line": 216}, "BaseTrafficDataFuser._fuse_raw_observations": {"executed_lines": [], "summary": {"covered_lines": 0, "num_statements": 1, "percent_covered": 0.0, "percent_covered_display": "0.0", "missing_lines": 1, "excluded_lines": 0, "percent_statements_covered": 0.0, "percent_statements_covered_display": "0.0"}, "missing_lines": [245], "excluded_lines": [], "start_line": 230}, "BaseTrafficDataFuser._generate_active_tracks": {"executed_lines": [], "summary": {"covered_lines": 0, "num_statements": 1, "percent_covered": 0.0, "percent_covered_display": "0.0", "missing_lines": 1, "excluded_lines": 0, "percent_statements_covered": 0.0, "percent_statements_covered_display": "0.0"}, "missing_lines": [262], "excluded_lines": [], "start_line": 247}, "": {"executed_lines": [15, 17, 19, 20, 22, 23, 24, 33, 58, 75, 96, 128, 202, 216, 230, 247], "summary": {"covered_lines": 16, "num_statements": 16, "percent_covered": 100.0, "percent_covered_display": "100.0", "missing_lines": 0, "excluded_lines": 0, "percent_statements_covered": 100.0, "percent_statements_covered_display": "100.0"}, "missing_lines": [], "excluded_lines": [], "start_line": 1}}, "classes": {"BaseTrafficDataFuser": {"executed_lines": [], "summary": {"covered_lines": 0, "num_statements": 42, "percent_covered": 0.0, "percent_covered_display": "0.0", "missing_lines": 42, "excluded_lines": 0, "percent_statements_covered": 0.0, "percent_statements_covered_display": "0.0"}, "missing_lines": [68, 69, 70, 71, 72, 89, 90, 91, 92, 93, 94, 109, 110, 112, 114, 115, 117, 118, 120, 121, 123, 124, 126, 147, 148, 149, 151, 153, 154, 155, 158, 164, 172, 181, 182, 189, 197, 199, 214, 228, 245, 262], "excluded_lines": [], "start_line": 33}, "": {"executed_lines": [15, 17, 19, 20, 22, 23, 24, 33, 58, 75, 96, 128, 202, 216, 230, 247], "summary": {"covered_lines": 16, "num_statements": 16, "percent_covered": 100.0, "percent_covered_display": "100.0", "missing_lines": 0, "excluded_lines": 0, "percent_statements_covered": 100.0, "percent_statements_covered_display": "100.0"}, "missing_lines": [], "excluded_lines": [], "start_line": 1}}}, "common/data_definitions.py": {"executed_lines": [1, 3, 5, 7, 10, 16, 22, 26, 37, 40, 45, 51, 58, 64, 72, 75, 101, 107, 113, 114, 115, 116, 118, 119, 120], "summary": {"covered_lines": 25, "num_statements": 25, "percent_covered": 100.0, "percent_covered_display": "100.0", "missing_lines": 0, "excluded_lines": 0, "percent_statements_covered": 100.0, "percent_statements_covered_display": "100.0"}, "missing_lines": [], "excluded_lines": [], "functions": {"": {"executed_lines": [1, 3, 5, 7, 10, 16, 22, 26, 37, 40, 45, 51, 58, 64, 72, 75, 101, 107, 113, 114, 115, 116, 118, 119, 120], "summary": {"covered_lines": 25, "num_statements": 25, "percent_covered": 100.0, "percent_covered_display": "100.0", "missing_lines": 0, "excluded_lines": 0, "percent_statements_covered": 100.0, "percent_statements_covered_display": "100.0"}, "missing_lines": [], "excluded_lines": [], "start_line": 1}}, "classes": {"": {"executed_lines": [1, 3, 5, 7, 10, 16, 22, 26, 37, 40, 45, 51, 58, 64, 72, 75, 101, 107, 113, 114, 115, 116, 118, 119, 120], "summary": {"covered_lines": 25, "num_statements": 25, "percent_covered": 100.0, "percent_covered_display": "100.0", "missing_lines": 0, "excluded_lines": 0, "percent_statements_covered": 100.0, "percent_statements_covered_display": "100.0"}, "missing_lines": [], "excluded_lines": [], "start_line": 1}}}, "common/database_operations.py": {"executed_lines": [1, 2, 3, 4, 5, 6, 7, 9, 10, 11, 12, 13, 15, 16, 17, 21, 22, 25, 30, 40, 41, 42, 43, 44, 45, 46, 47, 48, 49, 57, 67, 69, 70, 71, 74, 79, 86, 93, 96, 99, 102, 105, 108, 112, 121, 125, 131, 140, 146, 153, 157, 160, 167, 171, 178, 199, 204, 215, 218, 221, 239, 246, 259, 268, 271, 289, 299, 323, 330, 337, 340, 345, 361, 364, 367, 373, 379, 388, 395, 409, 412, 419, 425, 428, 432, 438, 444, 453, 464, 470, 479, 488, 497, 506, 510, 514, 518, 522, 526, 527, 546, 568, 575, 593, 603, 614, 630, 634, 660, 686, 706, 731, 755, 783, 803, 813, 843, 853, 865, 877, 898, 920, 934, 948, 957, 968, 993, 1018, 1021, 1024, 1052, 1055, 1082, 1085, 1110, 1118, 1125, 1129, 1140, 1152, 1169, 1182, 1203, 1218, 1241, 1244, 1247, 1250, 1253, 1273, 1294, 1302, 1310, 1352, 1368], "summary": {"covered_lines": 155, "num_statements": 749, "percent_covered": 20.694259012016023, "percent_covered_display": "20.7", "missing_lines": 594, "excluded_lines": 0, "percent_statements_covered": 20.694259012016023, "percent_statements_covered_display": "20.7"}, "missing_lines": [80, 81, 82, 83, 84, 87, 88, 89, 90, 91, 94, 97, 100, 103, 106, 109, 110, 113, 115, 119, 122, 123, 126, 129, 132, 138, 141, 147, 148, 149, 150, 151, 154, 155, 158, 161, 162, 163, 164, 165, 168, 169, 172, 173, 175, 176, 190, 191, 192, 193, 194, 195, 196, 197, 200, 202, 207, 208, 209, 210, 211, 212, 213, 216, 219, 233, 234, 235, 236, 237, 240, 241, 242, 243, 244, 251, 252, 253, 254, 256, 257, 262, 263, 264, 265, 266, 269, 283, 284, 285, 286, 287, 290, 291, 292, 293, 294, 295, 296, 297, 317, 318, 319, 320, 321, 324, 325, 326, 327, 328, 331, 338, 343, 347, 349, 350, 351, 359, 362, 365, 368, 369, 370, 371, 374, 375, 376, 377, 380, 381, 384, 385, 386, 389, 390, 391, 392, 393, 398, 399, 405, 406, 407, 410, 413, 414, 415, 417, 420, 421, 422, 423, 426, 429, 430, 433, 439, 440, 441, 442, 447, 454, 462, 465, 473, 482, 491, 500, 501, 502, 503, 504, 507, 508, 511, 512, 515, 516, 519, 520, 523, 532, 533, 535, 541, 542, 543, 544, 551, 552, 563, 564, 565, 566, 569, 570, 571, 572, 573, 576, 577, 578, 588, 589, 590, 591, 594, 595, 596, 597, 598, 599, 600, 601, 604, 605, 609, 610, 611, 612, 615, 616, 624, 625, 627, 628, 631, 632, 639, 640, 653, 655, 657, 658, 665, 666, 667, 668, 670, 671, 672, 673, 675, 680, 682, 683, 684, 691, 692, 693, 699, 701, 703, 704, 716, 717, 726, 727, 728, 729, 736, 737, 738, 739, 740, 742, 750, 751, 752, 753, 760, 761, 762, 764, 765, 767, 777, 779, 780, 781, 790, 791, 797, 798, 800, 801, 804, 805, 806, 807, 808, 809, 810, 811, 818, 819, 832, 833, 834, 835, 836, 837, 838, 839, 840, 841, 844, 845, 846, 847, 848, 849, 850, 851, 858, 859, 860, 861, 862, 863, 870, 871, 872, 873, 874, 875, 882, 883, 884, 885, 886, 887, 888, 889, 890, 891, 893, 894, 895, 896, 903, 904, 905, 906, 907, 908, 909, 911, 912, 913, 914, 915, 916, 917, 918, 926, 927, 928, 929, 930, 931, 932, 939, 940, 941, 943, 944, 945, 946, 949, 950, 951, 952, 953, 954, 955, 958, 959, 963, 964, 965, 966, 969, 970, 971, 972, 974, 975, 976, 977, 978, 986, 987, 988, 989, 990, 991, 994, 995, 996, 997, 999, 1000, 1001, 1002, 1003, 1011, 1012, 1013, 1014, 1015, 1016, 1019, 1022, 1025, 1026, 1027, 1028, 1029, 1030, 1031, 1032, 1033, 1034, 1035, 1036, 1045, 1046, 1047, 1048, 1049, 1050, 1053, 1056, 1057, 1058, 1059, 1060, 1061, 1062, 1063, 1065, 1066, 1075, 1076, 1077, 1078, 1079, 1080, 1083, 1095, 1096, 1105, 1106, 1107, 1108, 1111, 1112, 1113, 1114, 1115, 1116, 1119, 1120, 1121, 1122, 1123, 1126, 1127, 1130, 1131, 1135, 1136, 1137, 1138, 1141, 1142, 1147, 1148, 1149, 1150, 1153, 1154, 1164, 1165, 1166, 1167, 1174, 1175, 1176, 1177, 1179, 1180, 1183, 1184, 1198, 1199, 1200, 1201, 1204, 1205, 1206, 1207, 1208, 1213, 1214, 1215, 1216, 1224, 1225, 1236, 1237, 1238, 1239, 1242, 1245, 1248, 1251, 1254, 1255, 1256, 1257, 1258, 1259, 1268, 1269, 1270, 1271, 1274, 1275, 1276, 1277, 1278, 1279, 1280, 1281, 1282, 1283, 1284, 1285, 1286, 1287, 1288, 1289, 1290, 1292, 1295, 1296, 1297, 1298, 1299, 1300, 1303, 1304, 1305, 1306, 1307, 1308, 1320, 1322, 1323, 1324, 1325, 1326, 1328, 1329, 1331, 1332, 1333, 1334, 1335, 1337, 1343, 1350, 1353, 1354, 1355, 1360, 1361, 1362, 1363, 1364, 1365, 1366, 1369, 1370, 1371, 1376, 1377, 1378, 1379, 1380, 1381, 1382], "excluded_lines": [], "functions": {"FlightBlenderDatabaseReader.get_peer_operational_intent_details_by_id": {"executed_lines": [], "summary": {"covered_lines": 0, "num_statements": 5, "percent_covered": 0.0, "percent_covered_display": "0.0", "missing_lines": 5, "excluded_lines": 0, "percent_statements_covered": 0.0, "percent_statements_covered_display": "0.0"}, "missing_lines": [80, 81, 82, 83, 84], "excluded_lines": [], "start_line": 79}, "FlightBlenderDatabaseReader.get_peer_operational_intent_reference_by_id": {"executed_lines": [], "summary": {"covered_lines": 0, "num_statements": 5, "percent_covered": 0.0, "percent_covered_display": "0.0", "missing_lines": 5, "excluded_lines": 0, "percent_statements_covered": 0.0, "percent_statements_covered_display": "0.0"}, "missing_lines": [87, 88, 89, 90, 91], "excluded_lines": [], "start_line": 86}, "FlightBlenderDatabaseReader.check_constraint_id_exists": {"executed_lines": [], "summary": {"covered_lines": 0, "num_statements": 1, "percent_covered": 0.0, "percent_covered_display": "0.0", "missing_lines": 1, "excluded_lines": 0, "percent_statements_covered": 0.0, "percent_statements_covered_display": "0.0"}, "missing_lines": [94], "excluded_lines": [], "start_line": 93}, "FlightBlenderDatabaseReader.get_constraint_by_geofence": {"executed_lines": [], "summary": {"covered_lines": 0, "num_statements": 1, "percent_covered": 0.0, "percent_covered_display": "0.0", "missing_lines": 1, "excluded_lines": 0, "percent_statements_covered": 0.0, "percent_statements_covered_display": "0.0"}, "missing_lines": [97], "excluded_lines": [], "start_line": 96}, "FlightBlenderDatabaseReader.check_constraint_reference_id_exists": {"executed_lines": [], "summary": {"covered_lines": 0, "num_statements": 1, "percent_covered": 0.0, "percent_covered_display": "0.0", "missing_lines": 1, "excluded_lines": 0, "percent_statements_covered": 0.0, "percent_statements_covered_display": "0.0"}, "missing_lines": [100], "excluded_lines": [], "start_line": 99}, "FlightBlenderDatabaseReader.get_constraint_reference_by_id": {"executed_lines": [], "summary": {"covered_lines": 0, "num_statements": 1, "percent_covered": 0.0, "percent_covered_display": "0.0", "missing_lines": 1, "excluded_lines": 0, "percent_statements_covered": 0.0, "percent_statements_covered_display": "0.0"}, "missing_lines": [103], "excluded_lines": [], "start_line": 102}, "FlightBlenderDatabaseReader.get_constraint_details": {"executed_lines": [], "summary": {"covered_lines": 0, "num_statements": 1, "percent_covered": 0.0, "percent_covered_display": "0.0", "missing_lines": 1, "excluded_lines": 0, "percent_statements_covered": 0.0, "percent_statements_covered_display": "0.0"}, "missing_lines": [106], "excluded_lines": [], "start_line": 105}, "FlightBlenderDatabaseReader.get_flight_observations": {"executed_lines": [], "summary": {"covered_lines": 0, "num_statements": 2, "percent_covered": 0.0, "percent_covered_display": "0.0", "missing_lines": 2, "excluded_lines": 0, "percent_statements_covered": 0.0, "percent_statements_covered_display": "0.0"}, "missing_lines": [109, 110], "excluded_lines": [], "start_line": 108}, "FlightBlenderDatabaseReader.get_closest_flight_observation_for_now": {"executed_lines": [], "summary": {"covered_lines": 0, "num_statements": 3, "percent_covered": 0.0, "percent_covered_display": "0.0", "missing_lines": 3, "excluded_lines": 0, "percent_statements_covered": 0.0, "percent_statements_covered_display": "0.0"}, "missing_lines": [113, 115, 119], "excluded_lines": [], "start_line": 112}, "FlightBlenderDatabaseReader.get_flight_observation_objects": {"executed_lines": [], "summary": {"covered_lines": 0, "num_statements": 2, "percent_covered": 0.0, "percent_covered_display": "0.0", "missing_lines": 2, "excluded_lines": 0, "percent_statements_covered": 0.0, "percent_statements_covered_display": "0.0"}, "missing_lines": [122, 123], "excluded_lines": [], "start_line": 121}, "FlightBlenderDatabaseReader.get_temporal_flight_observations_by_session": {"executed_lines": [], "summary": {"covered_lines": 0, "num_statements": 2, "percent_covered": 0.0, "percent_covered_display": "0.0", "missing_lines": 2, "excluded_lines": 0, "percent_statements_covered": 0.0, "percent_statements_covered_display": "0.0"}, "missing_lines": [126, 129], "excluded_lines": [], "start_line": 125}, "FlightBlenderDatabaseReader.get_flight_observations_by_session": {"executed_lines": [], "summary": {"covered_lines": 0, "num_statements": 2, "percent_covered": 0.0, "percent_covered_display": "0.0", "missing_lines": 2, "excluded_lines": 0, "percent_statements_covered": 0.0, "percent_statements_covered_display": "0.0"}, "missing_lines": [132, 138], "excluded_lines": [], "start_line": 131}, "FlightBlenderDatabaseReader.get_all_flight_observations_in_window": {"executed_lines": [], "summary": {"covered_lines": 0, "num_statements": 1, "percent_covered": 0.0, "percent_covered_display": "0.0", "missing_lines": 1, "excluded_lines": 0, "percent_statements_covered": 0.0, "percent_statements_covered_display": "0.0"}, "missing_lines": [141], "excluded_lines": [], "start_line": 140}, "FlightBlenderDatabaseReader.get_latest_flight_observation_by_session": {"executed_lines": [], "summary": {"covered_lines": 0, "num_statements": 5, "percent_covered": 0.0, "percent_covered_display": "0.0", "missing_lines": 5, "excluded_lines": 0, "percent_statements_covered": 0.0, "percent_statements_covered_display": "0.0"}, "missing_lines": [147, 148, 149, 150, 151], "excluded_lines": [], "start_line": 146}, "FlightBlenderDatabaseReader.get_all_flight_declarations": {"executed_lines": [], "summary": {"covered_lines": 0, "num_statements": 2, "percent_covered": 0.0, "percent_covered_display": "0.0", "missing_lines": 2, "excluded_lines": 0, "percent_statements_covered": 0.0, "percent_statements_covered_display": "0.0"}, "missing_lines": [154, 155], "excluded_lines": [], "start_line": 153}, "FlightBlenderDatabaseReader.check_flight_declaration_exists": {"executed_lines": [], "summary": {"covered_lines": 0, "num_statements": 1, "percent_covered": 0.0, "percent_covered_display": "0.0", "missing_lines": 1, "excluded_lines": 0, "percent_statements_covered": 0.0, "percent_statements_covered_display": "0.0"}, "missing_lines": [158], "excluded_lines": [], "start_line": 157}, "FlightBlenderDatabaseReader.get_flight_declaration_by_id": {"executed_lines": [], "summary": {"covered_lines": 0, "num_statements": 5, "percent_covered": 0.0, "percent_covered_display": "0.0", "missing_lines": 5, "excluded_lines": 0, "percent_statements_covered": 0.0, "percent_statements_covered_display": "0.0"}, "missing_lines": [161, 162, 163, 164, 165], "excluded_lines": [], "start_line": 160}, "FlightBlenderDatabaseReader.check_composite_operational_intent_exists": {"executed_lines": [], "summary": {"covered_lines": 0, "num_statements": 2, "percent_covered": 0.0, "percent_covered_display": "0.0", "missing_lines": 2, "excluded_lines": 0, "percent_statements_covered": 0.0, "percent_statements_covered_display": "0.0"}, "missing_lines": [168, 169], "excluded_lines": [], "start_line": 167}, "FlightBlenderDatabaseReader.get_composite_operational_intent_by_declaration_id": {"executed_lines": [], "summary": {"covered_lines": 0, "num_statements": 4, "percent_covered": 0.0, "percent_covered_display": "0.0", "missing_lines": 4, "excluded_lines": 0, "percent_statements_covered": 0.0, "percent_statements_covered_display": "0.0"}, "missing_lines": [172, 173, 175, 176], "excluded_lines": [], "start_line": 171}, "FlightBlenderDatabaseReader.get_flight_operational_intent_reference_by_flight_declaration_id": {"executed_lines": [], "summary": {"covered_lines": 0, "num_statements": 8, "percent_covered": 0.0, "percent_covered_display": "0.0", "missing_lines": 8, "excluded_lines": 0, "percent_statements_covered": 0.0, "percent_statements_covered_display": "0.0"}, "missing_lines": [190, 191, 192, 193, 194, 195, 196, 197], "excluded_lines": [], "start_line": 178}, "FlightBlenderDatabaseReader.get_active_geofences": {"executed_lines": [], "summary": {"covered_lines": 0, "num_statements": 2, "percent_covered": 0.0, "percent_covered_display": "0.0", "missing_lines": 2, "excluded_lines": 0, "percent_statements_covered": 0.0, "percent_statements_covered_display": "0.0"}, "missing_lines": [200, 202], "excluded_lines": [], "start_line": 199}, "FlightBlenderDatabaseReader.get_flight_operational_intent_reference_by_flight_declaration_obj": {"executed_lines": [], "summary": {"covered_lines": 0, "num_statements": 7, "percent_covered": 0.0, "percent_covered_display": "0.0", "missing_lines": 7, "excluded_lines": 0, "percent_statements_covered": 0.0, "percent_statements_covered_display": "0.0"}, "missing_lines": [207, 208, 209, 210, 211, 212, 213], "excluded_lines": [], "start_line": 204}, "FlightBlenderDatabaseReader.check_flight_operational_intent_reference_by_id_exists": {"executed_lines": [], "summary": {"covered_lines": 0, "num_statements": 1, "percent_covered": 0.0, "percent_covered_display": "0.0", "missing_lines": 1, "excluded_lines": 0, "percent_statements_covered": 0.0, "percent_statements_covered_display": "0.0"}, "missing_lines": [216], "excluded_lines": [], "start_line": 215}, "FlightBlenderDatabaseReader.get_operational_intent_reference_by_id": {"executed_lines": [], "summary": {"covered_lines": 0, "num_statements": 1, "percent_covered": 0.0, "percent_covered_display": "0.0", "missing_lines": 1, "excluded_lines": 0, "percent_statements_covered": 0.0, "percent_statements_covered_display": "0.0"}, "missing_lines": [219], "excluded_lines": [], "start_line": 218}, "FlightBlenderDatabaseReader.get_flight_operational_intent_reference_by_id": {"executed_lines": [], "summary": {"covered_lines": 0, "num_statements": 5, "percent_covered": 0.0, "percent_covered_display": "0.0", "missing_lines": 5, "excluded_lines": 0, "percent_statements_covered": 0.0, "percent_statements_covered_display": "0.0"}, "missing_lines": [233, 234, 235, 236, 237], "excluded_lines": [], "start_line": 221}, "FlightBlenderDatabaseReader.get_operational_intent_details_by_flight_declaration": {"executed_lines": [], "summary": {"covered_lines": 0, "num_statements": 5, "percent_covered": 0.0, "percent_covered_display": "0.0", "missing_lines": 5, "excluded_lines": 0, "percent_statements_covered": 0.0, "percent_statements_covered_display": "0.0"}, "missing_lines": [240, 241, 242, 243, 244], "excluded_lines": [], "start_line": 239}, "FlightBlenderDatabaseReader.update_flight_operational_intent_reference_ovn": {"executed_lines": [], "summary": {"covered_lines": 0, "num_statements": 6, "percent_covered": 0.0, "percent_covered_display": "0.0", "missing_lines": 6, "excluded_lines": 0, "percent_statements_covered": 0.0, "percent_statements_covered_display": "0.0"}, "missing_lines": [251, 252, 253, 254, 256, 257], "excluded_lines": [], "start_line": 246}, "FlightBlenderDatabaseReader.get_subscribers_of_operational_intent_reference": {"executed_lines": [], "summary": {"covered_lines": 0, "num_statements": 5, "percent_covered": 0.0, "percent_covered_display": "0.0", "missing_lines": 5, "excluded_lines": 0, "percent_statements_covered": 0.0, "percent_statements_covered_display": "0.0"}, "missing_lines": [262, 263, 264, 265, 266], "excluded_lines": [], "start_line": 259}, "FlightBlenderDatabaseReader.check_flight_operational_intent_details_by_id_exists": {"executed_lines": [], "summary": {"covered_lines": 0, "num_statements": 1, "percent_covered": 0.0, "percent_covered_display": "0.0", "missing_lines": 1, "excluded_lines": 0, "percent_statements_covered": 0.0, "percent_statements_covered_display": "0.0"}, "missing_lines": [269], "excluded_lines": [], "start_line": 268}, "FlightBlenderDatabaseReader.get_operational_intent_details_by_flight_declaration_id": {"executed_lines": [], "summary": {"covered_lines": 0, "num_statements": 5, "percent_covered": 0.0, "percent_covered_display": "0.0", "missing_lines": 5, "excluded_lines": 0, "percent_statements_covered": 0.0, "percent_statements_covered_display": "0.0"}, "missing_lines": [283, 284, 285, 286, 287], "excluded_lines": [], "start_line": 271}, "FlightBlenderDatabaseReader.get_geofence_by_constraint_reference_id": {"executed_lines": [], "summary": {"covered_lines": 0, "num_statements": 8, "percent_covered": 0.0, "percent_covered_display": "0.0", "missing_lines": 8, "excluded_lines": 0, "percent_statements_covered": 0.0, "percent_statements_covered_display": "0.0"}, "missing_lines": [290, 291, 292, 293, 294, 295, 296, 297], "excluded_lines": [], "start_line": 289}, "FlightBlenderDatabaseReader.get_conformance_records_for_duration": {"executed_lines": [], "summary": {"covered_lines": 0, "num_statements": 5, "percent_covered": 0.0, "percent_covered_display": "0.0", "missing_lines": 5, "excluded_lines": 0, "percent_statements_covered": 0.0, "percent_statements_covered_display": "0.0"}, "missing_lines": [317, 318, 319, 320, 321], "excluded_lines": [], "start_line": 299}, "FlightBlenderDatabaseReader.get_conformance_record_by_flight_declaration": {"executed_lines": [], "summary": {"covered_lines": 0, "num_statements": 5, "percent_covered": 0.0, "percent_covered_display": "0.0", "missing_lines": 5, "excluded_lines": 0, "percent_statements_covered": 0.0, "percent_statements_covered_display": "0.0"}, "missing_lines": [324, 325, 326, 327, 328], "excluded_lines": [], "start_line": 323}, "FlightBlenderDatabaseReader.check_flight_declaration_active": {"executed_lines": [], "summary": {"covered_lines": 0, "num_statements": 1, "percent_covered": 0.0, "percent_covered_display": "0.0", "missing_lines": 1, "excluded_lines": 0, "percent_statements_covered": 0.0, "percent_statements_covered_display": "0.0"}, "missing_lines": [331], "excluded_lines": [], "start_line": 330}, "FlightBlenderDatabaseReader.check_active_activated_flights_exist": {"executed_lines": [], "summary": {"covered_lines": 0, "num_statements": 1, "percent_covered": 0.0, "percent_covered_display": "0.0", "missing_lines": 1, "excluded_lines": 0, "percent_statements_covered": 0.0, "percent_statements_covered_display": "0.0"}, "missing_lines": [338], "excluded_lines": [], "start_line": 337}, "FlightBlenderDatabaseReader.get_active_activated_flight_declarations": {"executed_lines": [], "summary": {"covered_lines": 0, "num_statements": 1, "percent_covered": 0.0, "percent_covered_display": "0.0", "missing_lines": 1, "excluded_lines": 0, "percent_statements_covered": 0.0, "percent_statements_covered_display": "0.0"}, "missing_lines": [343], "excluded_lines": [], "start_line": 340}, "FlightBlenderDatabaseReader.get_current_flight_accepted_activated_declaration_ids": {"executed_lines": [], "summary": {"covered_lines": 0, "num_statements": 5, "percent_covered": 0.0, "percent_covered_display": "0.0", "missing_lines": 5, "excluded_lines": 0, "percent_statements_covered": 0.0, "percent_statements_covered_display": "0.0"}, "missing_lines": [347, 349, 350, 351, 359], "excluded_lines": [], "start_line": 345}, "FlightBlenderDatabaseReader.check_flight_details_exist": {"executed_lines": [], "summary": {"covered_lines": 0, "num_statements": 1, "percent_covered": 0.0, "percent_covered_display": "0.0", "missing_lines": 1, "excluded_lines": 0, "percent_statements_covered": 0.0, "percent_statements_covered_display": "0.0"}, "missing_lines": [362], "excluded_lines": [], "start_line": 361}, "FlightBlenderDatabaseReader.get_flight_details_by_id": {"executed_lines": [], "summary": {"covered_lines": 0, "num_statements": 1, "percent_covered": 0.0, "percent_covered_display": "0.0", "missing_lines": 1, "excluded_lines": 0, "percent_statements_covered": 0.0, "percent_statements_covered_display": "0.0"}, "missing_lines": [365], "excluded_lines": [], "start_line": 364}, "FlightBlenderDatabaseReader.get_conformance_monitoring_task": {"executed_lines": [], "summary": {"covered_lines": 0, "num_statements": 4, "percent_covered": 0.0, "percent_covered_display": "0.0", "missing_lines": 4, "excluded_lines": 0, "percent_statements_covered": 0.0, "percent_statements_covered_display": "0.0"}, "missing_lines": [368, 369, 370, 371], "excluded_lines": [], "start_line": 367}, "FlightBlenderDatabaseReader.get_rid_monitoring_task": {"executed_lines": [], "summary": {"covered_lines": 0, "num_statements": 4, "percent_covered": 0.0, "percent_covered_display": "0.0", "missing_lines": 4, "excluded_lines": 0, "percent_statements_covered": 0.0, "percent_statements_covered_display": "0.0"}, "missing_lines": [374, 375, 376, 377], "excluded_lines": [], "start_line": 373}, "FlightBlenderDatabaseReader.get_active_rid_observations_for_view": {"executed_lines": [], "summary": {"covered_lines": 0, "num_statements": 5, "percent_covered": 0.0, "percent_covered_display": "0.0", "missing_lines": 5, "excluded_lines": 0, "percent_statements_covered": 0.0, "percent_statements_covered_display": "0.0"}, "missing_lines": [380, 381, 384, 385, 386], "excluded_lines": [], "start_line": 379}, "FlightBlenderDatabaseReader.get_active_rid_observations_for_session": {"executed_lines": [], "summary": {"covered_lines": 0, "num_statements": 5, "percent_covered": 0.0, "percent_covered_display": "0.0", "missing_lines": 5, "excluded_lines": 0, "percent_statements_covered": 0.0, "percent_statements_covered_display": "0.0"}, "missing_lines": [389, 390, 391, 392, 393], "excluded_lines": [], "start_line": 388}, "FlightBlenderDatabaseReader.get_active_rid_observations_for_session_between_interval": {"executed_lines": [], "summary": {"covered_lines": 0, "num_statements": 5, "percent_covered": 0.0, "percent_covered_display": "0.0", "missing_lines": 5, "excluded_lines": 0, "percent_statements_covered": 0.0, "percent_statements_covered_display": "0.0"}, "missing_lines": [398, 399, 405, 406, 407], "excluded_lines": [], "start_line": 395}, "FlightBlenderDatabaseReader.get_active_surveillance_sensors": {"executed_lines": [], "summary": {"covered_lines": 0, "num_statements": 1, "percent_covered": 0.0, "percent_covered_display": "0.0", "missing_lines": 1, "excluded_lines": 0, "percent_statements_covered": 0.0, "percent_statements_covered_display": "0.0"}, "missing_lines": [410], "excluded_lines": [], "start_line": 409}, "FlightBlenderDatabaseReader.get_surveillance_sensor_by_id": {"executed_lines": [], "summary": {"covered_lines": 0, "num_statements": 4, "percent_covered": 0.0, "percent_covered_display": "0.0", "missing_lines": 4, "excluded_lines": 0, "percent_statements_covered": 0.0, "percent_statements_covered_display": "0.0"}, "missing_lines": [413, 414, 415, 417], "excluded_lines": [], "start_line": 412}, "FlightBlenderDatabaseReader.get_surveillance_session_by_id": {"executed_lines": [], "summary": {"covered_lines": 0, "num_statements": 4, "percent_covered": 0.0, "percent_covered_display": "0.0", "missing_lines": 4, "excluded_lines": 0, "percent_statements_covered": 0.0, "percent_statements_covered_display": "0.0"}, "missing_lines": [420, 421, 422, 423], "excluded_lines": [], "start_line": 419}, "FlightBlenderDatabaseReader.get_surveillance_periodic_tasks_by_session_id": {"executed_lines": [], "summary": {"covered_lines": 0, "num_statements": 1, "percent_covered": 0.0, "percent_covered_display": "0.0", "missing_lines": 1, "excluded_lines": 0, "percent_statements_covered": 0.0, "percent_statements_covered_display": "0.0"}, "missing_lines": [426], "excluded_lines": [], "start_line": 425}, "FlightBlenderDatabaseReader.get_all_active_surveillance_sessions": {"executed_lines": [], "summary": {"covered_lines": 0, "num_statements": 2, "percent_covered": 0.0, "percent_covered_display": "0.0", "missing_lines": 2, "excluded_lines": 0, "percent_statements_covered": 0.0, "percent_statements_covered_display": "0.0"}, "missing_lines": [429, 430], "excluded_lines": [], "start_line": 428}, "FlightBlenderDatabaseReader.get_surveillance_sessions_with_events_in_window": {"executed_lines": [], "summary": {"covered_lines": 0, "num_statements": 1, "percent_covered": 0.0, "percent_covered_display": "0.0", "missing_lines": 1, "excluded_lines": 0, "percent_statements_covered": 0.0, "percent_statements_covered_display": "0.0"}, "missing_lines": [433], "excluded_lines": [], "start_line": 432}, "FlightBlenderDatabaseReader.get_sensor_health_record": {"executed_lines": [], "summary": {"covered_lines": 0, "num_statements": 4, "percent_covered": 0.0, "percent_covered_display": "0.0", "missing_lines": 4, "excluded_lines": 0, "percent_statements_covered": 0.0, "percent_statements_covered_display": "0.0"}, "missing_lines": [439, 440, 441, 442], "excluded_lines": [], "start_line": 438}, "FlightBlenderDatabaseReader.get_health_tracking_records_for_sensor": {"executed_lines": [], "summary": {"covered_lines": 0, "num_statements": 1, "percent_covered": 0.0, "percent_covered_display": "0.0", "missing_lines": 1, "excluded_lines": 0, "percent_statements_covered": 0.0, "percent_statements_covered_display": "0.0"}, "missing_lines": [447], "excluded_lines": [], "start_line": 444}, "FlightBlenderDatabaseReader.get_sensor_status_before_time": {"executed_lines": [], "summary": {"covered_lines": 0, "num_statements": 2, "percent_covered": 0.0, "percent_covered_display": "0.0", "missing_lines": 2, "excluded_lines": 0, "percent_statements_covered": 0.0, "percent_statements_covered_display": "0.0"}, "missing_lines": [454, 462], "excluded_lines": [], "start_line": 453}, "FlightBlenderDatabaseReader.get_heartbeat_events_in_window": {"executed_lines": [], "summary": {"covered_lines": 0, "num_statements": 1, "percent_covered": 0.0, "percent_covered_display": "0.0", "missing_lines": 1, "excluded_lines": 0, "percent_statements_covered": 0.0, "percent_statements_covered_display": "0.0"}, "missing_lines": [465], "excluded_lines": [], "start_line": 464}, "FlightBlenderDatabaseReader.get_heartbeat_events_for_session": {"executed_lines": [], "summary": {"covered_lines": 0, "num_statements": 1, "percent_covered": 0.0, "percent_covered_display": "0.0", "missing_lines": 1, "excluded_lines": 0, "percent_statements_covered": 0.0, "percent_statements_covered_display": "0.0"}, "missing_lines": [473], "excluded_lines": [], "start_line": 470}, "FlightBlenderDatabaseReader.get_track_events_for_session": {"executed_lines": [], "summary": {"covered_lines": 0, "num_statements": 1, "percent_covered": 0.0, "percent_covered_display": "0.0", "missing_lines": 1, "excluded_lines": 0, "percent_statements_covered": 0.0, "percent_statements_covered_display": "0.0"}, "missing_lines": [482], "excluded_lines": [], "start_line": 479}, "FlightBlenderDatabaseReader.get_failure_notifications_for_sensor": {"executed_lines": [], "summary": {"covered_lines": 0, "num_statements": 1, "percent_covered": 0.0, "percent_covered_display": "0.0", "missing_lines": 1, "excluded_lines": 0, "percent_statements_covered": 0.0, "percent_statements_covered_display": "0.0"}, "missing_lines": [491], "excluded_lines": [], "start_line": 488}, "FlightBlenderDatabaseReader.get_active_user_notifications_between_interval": {"executed_lines": [], "summary": {"covered_lines": 0, "num_statements": 5, "percent_covered": 0.0, "percent_covered_display": "0.0", "missing_lines": 5, "excluded_lines": 0, "percent_statements_covered": 0.0, "percent_statements_covered_display": "0.0"}, "missing_lines": [500, 501, 502, 503, 504], "excluded_lines": [], "start_line": 497}, "FlightBlenderDatabaseReader.check_rid_subscription_record_by_view_hash_exists": {"executed_lines": [], "summary": {"covered_lines": 0, "num_statements": 2, "percent_covered": 0.0, "percent_covered_display": "0.0", "missing_lines": 2, "excluded_lines": 0, "percent_statements_covered": 0.0, "percent_statements_covered_display": "0.0"}, "missing_lines": [507, 508], "excluded_lines": [], "start_line": 506}, "FlightBlenderDatabaseReader.check_rid_subscription_record_by_subscription_id_exists": {"executed_lines": [], "summary": {"covered_lines": 0, "num_statements": 2, "percent_covered": 0.0, "percent_covered_display": "0.0", "missing_lines": 2, "excluded_lines": 0, "percent_statements_covered": 0.0, "percent_statements_covered_display": "0.0"}, "missing_lines": [511, 512], "excluded_lines": [], "start_line": 510}, "FlightBlenderDatabaseReader.get_rid_subscription_record_by_subscription_id": {"executed_lines": [], "summary": {"covered_lines": 0, "num_statements": 2, "percent_covered": 0.0, "percent_covered_display": "0.0", "missing_lines": 2, "excluded_lines": 0, "percent_statements_covered": 0.0, "percent_statements_covered_display": "0.0"}, "missing_lines": [515, 516], "excluded_lines": [], "start_line": 514}, "FlightBlenderDatabaseReader.get_all_rid_simulated_subscription_records": {"executed_lines": [], "summary": {"covered_lines": 0, "num_statements": 2, "percent_covered": 0.0, "percent_covered_display": "0.0", "missing_lines": 2, "excluded_lines": 0, "percent_statements_covered": 0.0, "percent_statements_covered_display": "0.0"}, "missing_lines": [519, 520], "excluded_lines": [], "start_line": 518}, "FlightBlenderDatabaseReader.get_rid_subscription_record_by_id": {"executed_lines": [], "summary": {"covered_lines": 0, "num_statements": 1, "percent_covered": 0.0, "percent_covered_display": "0.0", "missing_lines": 1, "excluded_lines": 0, "percent_statements_covered": 0.0, "percent_statements_covered_display": "0.0"}, "missing_lines": [523], "excluded_lines": [], "start_line": 522}, "FlightBlenderDatabaseWriter.create_or_update_peer_operational_intent_details": {"executed_lines": [], "summary": {"covered_lines": 0, "num_statements": 7, "percent_covered": 0.0, "percent_covered_display": "0.0", "missing_lines": 7, "excluded_lines": 0, "percent_statements_covered": 0.0, "percent_statements_covered_display": "0.0"}, "missing_lines": [532, 533, 535, 541, 542, 543, 544], "excluded_lines": [], "start_line": 527}, "FlightBlenderDatabaseWriter.create_or_update_peer_operational_intent_reference": {"executed_lines": [], "summary": {"covered_lines": 0, "num_statements": 6, "percent_covered": 0.0, "percent_covered_display": "0.0", "missing_lines": 6, "excluded_lines": 0, "percent_statements_covered": 0.0, "percent_statements_covered_display": "0.0"}, "missing_lines": [551, 552, 563, 564, 565, 566], "excluded_lines": [], "start_line": 546}, "FlightBlenderDatabaseWriter.get_peer_operational_intent_reference_by_id": {"executed_lines": [], "summary": {"covered_lines": 0, "num_statements": 5, "percent_covered": 0.0, "percent_covered_display": "0.0", "missing_lines": 5, "excluded_lines": 0, "percent_statements_covered": 0.0, "percent_statements_covered_display": "0.0"}, "missing_lines": [569, 570, 571, 572, 573], "excluded_lines": [], "start_line": 568}, "FlightBlenderDatabaseWriter.write_flight_observation": {"executed_lines": [], "summary": {"covered_lines": 0, "num_statements": 7, "percent_covered": 0.0, "percent_covered_display": "0.0", "missing_lines": 7, "excluded_lines": 0, "percent_statements_covered": 0.0, "percent_statements_covered_display": "0.0"}, "missing_lines": [576, 577, 578, 588, 589, 590, 591], "excluded_lines": [], "start_line": 575}, "FlightBlenderDatabaseWriter.delete_flight_declaration": {"executed_lines": [], "summary": {"covered_lines": 0, "num_statements": 8, "percent_covered": 0.0, "percent_covered_display": "0.0", "missing_lines": 8, "excluded_lines": 0, "percent_statements_covered": 0.0, "percent_statements_covered_display": "0.0"}, "missing_lines": [594, 595, 596, 597, 598, 599, 600, 601], "excluded_lines": [], "start_line": 593}, "FlightBlenderDatabaseWriter.create_operator_rid_notification": {"executed_lines": [], "summary": {"covered_lines": 0, "num_statements": 6, "percent_covered": 0.0, "percent_covered_display": "0.0", "missing_lines": 6, "excluded_lines": 0, "percent_statements_covered": 0.0, "percent_statements_covered_display": "0.0"}, "missing_lines": [604, 605, 609, 610, 611, 612], "excluded_lines": [], "start_line": 603}, "FlightBlenderDatabaseWriter.create_flight_declaration": {"executed_lines": [], "summary": {"covered_lines": 0, "num_statements": 6, "percent_covered": 0.0, "percent_covered_display": "0.0", "missing_lines": 6, "excluded_lines": 0, "percent_statements_covered": 0.0, "percent_statements_covered_display": "0.0"}, "missing_lines": [615, 616, 624, 625, 627, 628], "excluded_lines": [], "start_line": 614}, "FlightBlenderDatabaseWriter.set_flight_declaration_non_conforming": {"executed_lines": [], "summary": {"covered_lines": 0, "num_statements": 2, "percent_covered": 0.0, "percent_covered_display": "0.0", "missing_lines": 2, "excluded_lines": 0, "percent_statements_covered": 0.0, "percent_statements_covered_display": "0.0"}, "missing_lines": [631, 632], "excluded_lines": [], "start_line": 630}, "FlightBlenderDatabaseWriter.create_flight_operational_intent_reference_with_submitted_operational_intent": {"executed_lines": [], "summary": {"covered_lines": 0, "num_statements": 6, "percent_covered": 0.0, "percent_covered_display": "0.0", "missing_lines": 6, "excluded_lines": 0, "percent_statements_covered": 0.0, "percent_statements_covered_display": "0.0"}, "missing_lines": [639, 640, 653, 655, 657, 658], "excluded_lines": [], "start_line": 634}, "FlightBlenderDatabaseWriter.create_flight_operational_intent_reference_subscribers": {"executed_lines": [], "summary": {"covered_lines": 0, "num_statements": 13, "percent_covered": 0.0, "percent_covered_display": "0.0", "missing_lines": 13, "excluded_lines": 0, "percent_statements_covered": 0.0, "percent_statements_covered_display": "0.0"}, "missing_lines": [665, 666, 667, 668, 670, 671, 672, 673, 675, 680, 682, 683, 684], "excluded_lines": [], "start_line": 660}, "FlightBlenderDatabaseWriter.create_flight_operational_intent_details_with_submitted_operational_intent": {"executed_lines": [], "summary": {"covered_lines": 0, "num_statements": 7, "percent_covered": 0.0, "percent_covered_display": "0.0", "missing_lines": 7, "excluded_lines": 0, "percent_statements_covered": 0.0, "percent_statements_covered_display": "0.0"}, "missing_lines": [691, 692, 693, 699, 701, 703, 704], "excluded_lines": [], "start_line": 686}, "FlightBlenderDatabaseWriter.write_flight_conformance_record": {"executed_lines": [], "summary": {"covered_lines": 0, "num_statements": 6, "percent_covered": 0.0, "percent_covered_display": "0.0", "missing_lines": 6, "excluded_lines": 0, "percent_statements_covered": 0.0, "percent_statements_covered_display": "0.0"}, "missing_lines": [716, 717, 726, 727, 728, 729], "excluded_lines": [], "start_line": 706}, "FlightBlenderDatabaseWriter.create_or_update_peer_composite_operational_intent": {"executed_lines": [], "summary": {"covered_lines": 0, "num_statements": 10, "percent_covered": 0.0, "percent_covered_display": "0.0", "missing_lines": 10, "excluded_lines": 0, "percent_statements_covered": 0.0, "percent_statements_covered_display": "0.0"}, "missing_lines": [736, 737, 738, 739, 740, 742, 750, 751, 752, 753], "excluded_lines": [], "start_line": 731}, "FlightBlenderDatabaseWriter.create_or_update_composite_operational_intent": {"executed_lines": [], "summary": {"covered_lines": 0, "num_statements": 10, "percent_covered": 0.0, "percent_covered_display": "0.0", "missing_lines": 10, "excluded_lines": 0, "percent_statements_covered": 0.0, "percent_statements_covered_display": "0.0"}, "missing_lines": [760, 761, 762, 764, 765, 767, 777, 779, 780, 781], "excluded_lines": [], "start_line": 755}, "FlightBlenderDatabaseWriter.update_flight_operational_intent_reference_with_dss_response": {"executed_lines": [], "summary": {"covered_lines": 0, "num_statements": 6, "percent_covered": 0.0, "percent_covered_display": "0.0", "missing_lines": 6, "excluded_lines": 0, "percent_statements_covered": 0.0, "percent_statements_covered_display": "0.0"}, "missing_lines": [790, 791, 797, 798, 800, 801], "excluded_lines": [], "start_line": 783}, "FlightBlenderDatabaseWriter.create_flight_operational_intent_reference_from_flight_declaration_obj": {"executed_lines": [], "summary": {"covered_lines": 0, "num_statements": 8, "percent_covered": 0.0, "percent_covered_display": "0.0", "missing_lines": 8, "excluded_lines": 0, "percent_statements_covered": 0.0, "percent_statements_covered_display": "0.0"}, "missing_lines": [804, 805, 806, 807, 808, 809, 810, 811], "excluded_lines": [], "start_line": 803}, "FlightBlenderDatabaseWriter.create_flight_operational_intent_reference": {"executed_lines": [], "summary": {"covered_lines": 0, "num_statements": 12, "percent_covered": 0.0, "percent_covered_display": "0.0", "missing_lines": 12, "excluded_lines": 0, "percent_statements_covered": 0.0, "percent_statements_covered_display": "0.0"}, "missing_lines": [818, 819, 832, 833, 834, 835, 836, 837, 838, 839, 840, 841], "excluded_lines": [], "start_line": 813}, "FlightBlenderDatabaseWriter.update_telemetry_timestamp": {"executed_lines": [], "summary": {"covered_lines": 0, "num_statements": 8, "percent_covered": 0.0, "percent_covered_display": "0.0", "missing_lines": 8, "excluded_lines": 0, "percent_statements_covered": 0.0, "percent_statements_covered_display": "0.0"}, "missing_lines": [844, 845, 846, 847, 848, 849, 850, 851], "excluded_lines": [], "start_line": 843}, "FlightBlenderDatabaseWriter.update_flight_operational_intent_reference_op_int": {"executed_lines": [], "summary": {"covered_lines": 0, "num_statements": 6, "percent_covered": 0.0, "percent_covered_display": "0.0", "missing_lines": 6, "excluded_lines": 0, "percent_statements_covered": 0.0, "percent_statements_covered_display": "0.0"}, "missing_lines": [858, 859, 860, 861, 862, 863], "excluded_lines": [], "start_line": 853}, "FlightBlenderDatabaseWriter.update_flight_operational_intent_reference_ovn": {"executed_lines": [], "summary": {"covered_lines": 0, "num_statements": 6, "percent_covered": 0.0, "percent_covered_display": "0.0", "missing_lines": 6, "excluded_lines": 0, "percent_statements_covered": 0.0, "percent_statements_covered_display": "0.0"}, "missing_lines": [870, 871, 872, 873, 874, 875], "excluded_lines": [], "start_line": 865}, "FlightBlenderDatabaseWriter.update_flight_operational_intent_reference": {"executed_lines": [], "summary": {"covered_lines": 0, "num_statements": 14, "percent_covered": 0.0, "percent_covered_display": "0.0", "missing_lines": 14, "excluded_lines": 0, "percent_statements_covered": 0.0, "percent_statements_covered_display": "0.0"}, "missing_lines": [882, 883, 884, 885, 886, 887, 888, 889, 890, 891, 893, 894, 895, 896], "excluded_lines": [], "start_line": 877}, "FlightBlenderDatabaseWriter.update_flight_operational_intent_details": {"executed_lines": [], "summary": {"covered_lines": 0, "num_statements": 15, "percent_covered": 0.0, "percent_covered_display": "0.0", "missing_lines": 15, "excluded_lines": 0, "percent_statements_covered": 0.0, "percent_statements_covered_display": "0.0"}, "missing_lines": [903, 904, 905, 906, 907, 908, 909, 911, 912, 913, 914, 915, 916, 917, 918], "excluded_lines": [], "start_line": 898}, "FlightBlenderDatabaseWriter.update_flight_operational_intent_reference_op_int_ovn": {"executed_lines": [], "summary": {"covered_lines": 0, "num_statements": 7, "percent_covered": 0.0, "percent_covered_display": "0.0", "missing_lines": 7, "excluded_lines": 0, "percent_statements_covered": 0.0, "percent_statements_covered_display": "0.0"}, "missing_lines": [926, 927, 928, 929, 930, 931, 932], "excluded_lines": [], "start_line": 920}, "FlightBlenderDatabaseWriter.update_flight_operation_operational_intent": {"executed_lines": [], "summary": {"covered_lines": 0, "num_statements": 7, "percent_covered": 0.0, "percent_covered_display": "0.0", "missing_lines": 7, "excluded_lines": 0, "percent_statements_covered": 0.0, "percent_statements_covered_display": "0.0"}, "missing_lines": [939, 940, 941, 943, 944, 945, 946], "excluded_lines": [], "start_line": 934}, "FlightBlenderDatabaseWriter.update_flight_operation_state": {"executed_lines": [], "summary": {"covered_lines": 0, "num_statements": 7, "percent_covered": 0.0, "percent_covered_display": "0.0", "missing_lines": 7, "excluded_lines": 0, "percent_statements_covered": 0.0, "percent_statements_covered_display": "0.0"}, "missing_lines": [949, 950, 951, 952, 953, 954, 955], "excluded_lines": [], "start_line": 948}, "FlightBlenderDatabaseWriter.create_surveillance_session": {"executed_lines": [], "summary": {"covered_lines": 0, "num_statements": 6, "percent_covered": 0.0, "percent_covered_display": "0.0", "missing_lines": 6, "excluded_lines": 0, "percent_statements_covered": 0.0, "percent_statements_covered_display": "0.0"}, "missing_lines": [958, 959, 963, 964, 965, 966], "excluded_lines": [], "start_line": 957}, "FlightBlenderDatabaseWriter.create_surveillance_monitoring_heartbeat_periodic_task": {"executed_lines": [], "summary": {"covered_lines": 0, "num_statements": 15, "percent_covered": 0.0, "percent_covered_display": "0.0", "missing_lines": 15, "excluded_lines": 0, "percent_statements_covered": 0.0, "percent_statements_covered_display": "0.0"}, "missing_lines": [969, 970, 971, 972, 974, 975, 976, 977, 978, 986, 987, 988, 989, 990, 991], "excluded_lines": [], "start_line": 968}, "FlightBlenderDatabaseWriter.create_surveillance_monitoring_track_periodic_task": {"executed_lines": [], "summary": {"covered_lines": 0, "num_statements": 15, "percent_covered": 0.0, "percent_covered_display": "0.0", "missing_lines": 15, "excluded_lines": 0, "percent_statements_covered": 0.0, "percent_statements_covered_display": "0.0"}, "missing_lines": [994, 995, 996, 997, 999, 1000, 1001, 1002, 1003, 1011, 1012, 1013, 1014, 1015, 1016], "excluded_lines": [], "start_line": 993}, "FlightBlenderDatabaseWriter.remove_track_monitoring_heartbeat_periodic_task": {"executed_lines": [], "summary": {"covered_lines": 0, "num_statements": 1, "percent_covered": 0.0, "percent_covered_display": "0.0", "missing_lines": 1, "excluded_lines": 0, "percent_statements_covered": 0.0, "percent_statements_covered_display": "0.0"}, "missing_lines": [1019], "excluded_lines": [], "start_line": 1018}, "FlightBlenderDatabaseWriter.remove_surveillance_monitoring_heartbeat_periodic_task": {"executed_lines": [], "summary": {"covered_lines": 0, "num_statements": 1, "percent_covered": 0.0, "percent_covered_display": "0.0", "missing_lines": 1, "excluded_lines": 0, "percent_statements_covered": 0.0, "percent_statements_covered_display": "0.0"}, "missing_lines": [1022], "excluded_lines": [], "start_line": 1021}, "FlightBlenderDatabaseWriter.create_conformance_monitoring_periodic_task": {"executed_lines": [], "summary": {"covered_lines": 0, "num_statements": 18, "percent_covered": 0.0, "percent_covered_display": "0.0", "missing_lines": 18, "excluded_lines": 0, "percent_statements_covered": 0.0, "percent_statements_covered_display": "0.0"}, "missing_lines": [1025, 1026, 1027, 1028, 1029, 1030, 1031, 1032, 1033, 1034, 1035, 1036, 1045, 1046, 1047, 1048, 1049, 1050], "excluded_lines": [], "start_line": 1024}, "FlightBlenderDatabaseWriter.remove_conformance_monitoring_periodic_task": {"executed_lines": [], "summary": {"covered_lines": 0, "num_statements": 1, "percent_covered": 0.0, "percent_covered_display": "0.0", "missing_lines": 1, "excluded_lines": 0, "percent_statements_covered": 0.0, "percent_statements_covered_display": "0.0"}, "missing_lines": [1053], "excluded_lines": [], "start_line": 1052}, "FlightBlenderDatabaseWriter.create_rid_stream_monitoring_periodic_task": {"executed_lines": [], "summary": {"covered_lines": 0, "num_statements": 16, "percent_covered": 0.0, "percent_covered_display": "0.0", "missing_lines": 16, "excluded_lines": 0, "percent_statements_covered": 0.0, "percent_statements_covered_display": "0.0"}, "missing_lines": [1056, 1057, 1058, 1059, 1060, 1061, 1062, 1063, 1065, 1066, 1075, 1076, 1077, 1078, 1079, 1080], "excluded_lines": [], "start_line": 1055}, "FlightBlenderDatabaseWriter.remove_rid_stream_monitoring_periodic_task": {"executed_lines": [], "summary": {"covered_lines": 0, "num_statements": 1, "percent_covered": 0.0, "percent_covered_display": "0.0", "missing_lines": 1, "excluded_lines": 0, "percent_statements_covered": 0.0, "percent_statements_covered_display": "0.0"}, "missing_lines": [1083], "excluded_lines": [], "start_line": 1082}, "FlightBlenderDatabaseWriter.create_rid_subscription_record": {"executed_lines": [], "summary": {"covered_lines": 0, "num_statements": 6, "percent_covered": 0.0, "percent_covered_display": "0.0", "missing_lines": 6, "excluded_lines": 0, "percent_statements_covered": 0.0, "percent_statements_covered_display": "0.0"}, "missing_lines": [1095, 1096, 1105, 1106, 1107, 1108], "excluded_lines": [], "start_line": 1085}, "FlightBlenderDatabaseWriter.update_flight_details_in_rid_subscription_record": {"executed_lines": [], "summary": {"covered_lines": 0, "num_statements": 6, "percent_covered": 0.0, "percent_covered_display": "0.0", "missing_lines": 6, "excluded_lines": 0, "percent_statements_covered": 0.0, "percent_statements_covered_display": "0.0"}, "missing_lines": [1111, 1112, 1113, 1114, 1115, 1116], "excluded_lines": [], "start_line": 1110}, "FlightBlenderDatabaseWriter.delete_all_simulated_rid_subscription_records": {"executed_lines": [], "summary": {"covered_lines": 0, "num_statements": 5, "percent_covered": 0.0, "percent_covered_display": "0.0", "missing_lines": 5, "excluded_lines": 0, "percent_statements_covered": 0.0, "percent_statements_covered_display": "0.0"}, "missing_lines": [1119, 1120, 1121, 1122, 1123], "excluded_lines": [], "start_line": 1118}, "FlightBlenderDatabaseWriter.clear_stored_operational_intents": {"executed_lines": [], "summary": {"covered_lines": 0, "num_statements": 2, "percent_covered": 0.0, "percent_covered_display": "0.0", "missing_lines": 2, "excluded_lines": 0, "percent_statements_covered": 0.0, "percent_statements_covered_display": "0.0"}, "missing_lines": [1126, 1127], "excluded_lines": [], "start_line": 1125}, "FlightBlenderDatabaseWriter.write_constraint_details": {"executed_lines": [], "summary": {"covered_lines": 0, "num_statements": 6, "percent_covered": 0.0, "percent_covered_display": "0.0", "missing_lines": 6, "excluded_lines": 0, "percent_statements_covered": 0.0, "percent_st
[...]
128, 136, 137], "excluded_lines": [], "start_line": 76}, "USSOffNominalPositionDetails": {"executed_lines": [], "summary": {"covered_lines": 0, "num_statements": 1, "percent_covered": 0.0, "percent_covered_display": "0.0", "missing_lines": 1, "excluded_lines": 0, "percent_statements_covered": 0.0, "percent_statements_covered_display": "0.0"}, "missing_lines": [143], "excluded_lines": [], "start_line": 142}, "USSOpIntDetailTelemetry": {"executed_lines": [], "summary": {"covered_lines": 0, "num_statements": 4, "percent_covered": 0.0, "percent_covered_display": "0.0", "missing_lines": 4, "excluded_lines": 0, "percent_statements_covered": 0.0, "percent_statements_covered_display": "0.0"}, "missing_lines": [150, 151, 152, 161], "excluded_lines": [], "start_line": 148}, "peer_uss_report_notification": {"executed_lines": [], "summary": {"covered_lines": 0, "num_statements": 5, "percent_covered": 0.0, "percent_covered_display": "0.0", "missing_lines": 5, "excluded_lines": 0, "percent_statements_covered": 0.0, "percent_statements_covered_display": "0.0"}, "missing_lines": [179, 180, 181, 182, 184], "excluded_lines": [], "start_line": 178}, "uss_constraint_details": {"executed_lines": [], "summary": {"covered_lines": 0, "num_statements": 10, "percent_covered": 0.0, "percent_covered_display": "0.0", "missing_lines": 10, "excluded_lines": 0, "percent_statements_covered": 0.0, "percent_statements_covered_display": "0.0"}, "missing_lines": [192, 193, 194, 195, 196, 197, 202, 203, 208, 209], "excluded_lines": [], "start_line": 191}, "uss_update_constraint_details": {"executed_lines": [], "summary": {"covered_lines": 0, "num_statements": 15, "percent_covered": 0.0, "percent_covered_display": "0.0", "missing_lines": 15, "excluded_lines": 0, "percent_statements_covered": 0.0, "percent_statements_covered_display": "0.0"}, "missing_lines": [218, 219, 220, 221, 223, 224, 225, 226, 228, 230, 231, 232, 233, 235, 236], "excluded_lines": [], "start_line": 217}, "uss_operational_intent_details": {"executed_lines": [], "summary": {"covered_lines": 0, "num_statements": 33, "percent_covered": 0.0, "percent_covered_display": "0.0", "missing_lines": 33, "excluded_lines": 0, "percent_statements_covered": 0.0, "percent_statements_covered_display": "0.0"}, "missing_lines": [242, 243, 244, 245, 247, 248, 249, 251, 252, 253, 254, 255, 256, 257, 258, 260, 262, 263, 264, 265, 267, 268, 269, 270, 271, 272, 274, 286, 292, 293, 295, 301, 303], "excluded_lines": [], "start_line": 241}, "get_uss_flights": {"executed_lines": [], "summary": {"covered_lines": 0, "num_statements": 42, "percent_covered": 0.0, "percent_covered_display": "0.0", "missing_lines": 42, "excluded_lines": 0, "percent_statements_covered": 0.0, "percent_statements_covered_display": "0.0"}, "missing_lines": [318, 319, 320, 321, 322, 323, 324, 326, 327, 328, 329, 331, 334, 335, 336, 338, 341, 342, 345, 346, 348, 349, 350, 355, 356, 358, 359, 361, 362, 364, 367, 371, 381, 395, 403, 405, 406, 407, 408, 410, 414, 416], "excluded_lines": [], "start_line": 311}, "get_uss_flight_details": {"executed_lines": [], "summary": {"covered_lines": 0, "num_statements": 23, "percent_covered": 0.0, "percent_covered_display": "0.0", "missing_lines": 23, "excluded_lines": 0, "percent_statements_covered": 0.0, "percent_statements_covered_display": "0.0"}, "missing_lines": [424, 425, 426, 427, 428, 429, 435, 436, 437, 438, 442, 443, 444, 445, 451, 452, 453, 454, 458, 468, 470, 482, 483], "excluded_lines": [], "start_line": 421}, "": {"executed_lines": [], "summary": {"covered_lines": 0, "num_statements": 52, "percent_covered": 0.0, "percent_covered_display": "0.0", "missing_lines": 52, "excluded_lines": 0, "percent_statements_covered": 0.0, "percent_statements_covered_display": "0.0"}, "missing_lines": [1, 2, 3, 4, 5, 6, 8, 9, 10, 11, 14, 15, 17, 18, 19, 23, 24, 25, 26, 31, 32, 35, 37, 46, 63, 66, 74, 75, 76, 140, 141, 142, 146, 147, 148, 167, 168, 178, 190, 191, 215, 216, 217, 239, 240, 241, 309, 310, 311, 419, 420, 421], "excluded_lines": [], "start_line": 1}}, "classes": {"": {"executed_lines": [], "summary": {"covered_lines": 0, "num_statements": 214, "percent_covered": 0.0, "percent_covered_display": "0.0", "missing_lines": 214, "excluded_lines": 0, "percent_statements_covered": 0.0, "percent_statements_covered_display": "0.0"}, "missing_lines": [1, 2, 3, 4, 5, 6, 8, 9, 10, 11, 14, 15, 17, 18, 19, 23, 24, 25, 26, 31, 32, 35, 37, 46, 63, 66, 67, 68, 69, 70, 71, 74, 75, 76, 78, 79, 80, 82, 84, 86, 88, 92, 93, 95, 97, 102, 106, 107, 109, 110, 112, 113, 115, 116, 118, 128, 136, 137, 140, 141, 142, 143, 146, 147, 148, 150, 151, 152, 161, 167, 168, 178, 179, 180, 181, 182, 184, 190, 191, 192, 193, 194, 195, 196, 197, 202, 203, 208, 209, 215, 216, 217, 218, 219, 220, 221, 223, 224, 225, 226, 228, 230, 231, 232, 233, 235, 236, 239, 240, 241, 242, 243, 244, 245, 247, 248, 249, 251, 252, 253, 254, 255, 256, 257, 258, 260, 262, 263, 264, 265, 267, 268, 269, 270, 271, 272, 274, 286, 292, 293, 295, 301, 303, 309, 310, 311, 318, 319, 320, 321, 322, 323, 324, 326, 327, 328, 329, 331, 334, 335, 336, 338, 341, 342, 345, 346, 348, 349, 350, 355, 356, 358, 359, 361, 362, 364, 367, 371, 381, 395, 403, 405, 406, 407, 408, 410, 414, 416, 419, 420, 421, 424, 425, 426, 427, 428, 429, 435, 436, 437, 438, 442, 443, 444, 445, 451, 452, 453, 454, 458, 468, 470, 482, 483], "excluded_lines": [], "start_line": 1}}}, "utm_adapter/__init__.py": {"executed_lines": [], "summary": {"covered_lines": 0, "num_statements": 0, "percent_covered": 100.0, "percent_covered_display": "100.0", "missing_lines": 0, "excluded_lines": 0, "percent_statements_covered": 100.0, "percent_statements_covered_display": "100.0"}, "missing_lines": [], "excluded_lines": [], "functions": {"": {"executed_lines": [], "summary": {"covered_lines": 0, "num_statements": 0, "percent_covered": 100.0, "percent_covered_display": "100.0", "missing_lines": 0, "excluded_lines": 0, "percent_statements_covered": 100.0, "percent_statements_covered_display": "100.0"}, "missing_lines": [], "excluded_lines": [], "start_line": 1}}, "classes": {"": {"executed_lines": [], "summary": {"covered_lines": 0, "num_statements": 0, "percent_covered": 100.0, "percent_covered_display": "100.0", "missing_lines": 0, "excluded_lines": 0, "percent_statements_covered": 100.0, "percent_statements_covered_display": "100.0"}, "missing_lines": [], "excluded_lines": [], "start_line": 1}}}, "utm_adapter/admin.py": {"executed_lines": [], "summary": {"covered_lines": 0, "num_statements": 0, "percent_covered": 100.0, "percent_covered_display": "100.0", "missing_lines": 0, "excluded_lines": 0, "percent_statements_covered": 100.0, "percent_statements_covered_display": "100.0"}, "missing_lines": [], "excluded_lines": [], "functions": {"": {"executed_lines": [], "summary": {"covered_lines": 0, "num_statements": 0, "percent_covered": 100.0, "percent_covered_display": "100.0", "missing_lines": 0, "excluded_lines": 0, "percent_statements_covered": 100.0, "percent_statements_covered_display": "100.0"}, "missing_lines": [], "excluded_lines": [], "start_line": 1}}, "classes": {"": {"executed_lines": [], "summary": {"covered_lines": 0, "num_statements": 0, "percent_covered": 100.0, "percent_covered_display": "100.0", "missing_lines": 0, "excluded_lines": 0, "percent_statements_covered": 100.0, "percent_statements_covered_display": "100.0"}, "missing_lines": [], "excluded_lines": [], "start_line": 1}}}, "utm_adapter/apps.py": {"executed_lines": [], "summary": {"covered_lines": 0, "num_statements": 4, "percent_covered": 0.0, "percent_covered_display": "0.0", "missing_lines": 4, "excluded_lines": 0, "percent_statements_covered": 0.0, "percent_statements_covered_display": "0.0"}, "missing_lines": [1, 4, 5, 6], "excluded_lines": [], "functions": {"": {"executed_lines": [], "summary": {"covered_lines": 0, "num_statements": 4, "percent_covered": 0.0, "percent_covered_display": "0.0", "missing_lines": 4, "excluded_lines": 0, "percent_statements_covered": 0.0, "percent_statements_covered_display": "0.0"}, "missing_lines": [1, 4, 5, 6], "excluded_lines": [], "start_line": 1}}, "classes": {"UtmAdapterConfig": {"executed_lines": [], "summary": {"covered_lines": 0, "num_statements": 0, "percent_covered": 100.0, "percent_covered_display": "100.0", "missing_lines": 0, "excluded_lines": 0, "percent_statements_covered": 100.0, "percent_statements_covered_display": "100.0"}, "missing_lines": [], "excluded_lines": [], "start_line": 4}, "": {"executed_lines": [], "summary": {"covered_lines": 0, "num_statements": 4, "percent_covered": 0.0, "percent_covered_display": "0.0", "missing_lines": 4, "excluded_lines": 0, "percent_statements_covered": 0.0, "percent_statements_covered_display": "0.0"}, "missing_lines": [1, 4, 5, 6], "excluded_lines": [], "start_line": 1}}}, "utm_adapter/models.py": {"executed_lines": [], "summary": {"covered_lines": 0, "num_statements": 0, "percent_covered": 100.0, "percent_covered_display": "100.0", "missing_lines": 0, "excluded_lines": 0, "percent_statements_covered": 100.0, "percent_statements_covered_display": "100.0"}, "missing_lines": [], "excluded_lines": [], "functions": {"": {"executed_lines": [], "summary": {"covered_lines": 0, "num_statements": 0, "percent_covered": 100.0, "percent_covered_display": "100.0", "missing_lines": 0, "excluded_lines": 0, "percent_statements_covered": 100.0, "percent_statements_covered_display": "100.0"}, "missing_lines": [], "excluded_lines": [], "start_line": 1}}, "classes": {"": {"executed_lines": [], "summary": {"covered_lines": 0, "num_statements": 0, "percent_covered": 100.0, "percent_covered_display": "100.0", "missing_lines": 0, "excluded_lines": 0, "percent_statements_covered": 100.0, "percent_statements_covered_display": "100.0"}, "missing_lines": [], "excluded_lines": [], "start_line": 1}}}, "utm_adapter/urls.py": {"executed_lines": [], "summary": {"covered_lines": 0, "num_statements": 7, "percent_covered": 0.0, "percent_covered_display": "0.0", "missing_lines": 7, "excluded_lines": 0, "percent_statements_covered": 0.0, "percent_statements_covered_display": "0.0"}, "missing_lines": [1, 3, 4, 5, 6, 7, 9], "excluded_lines": [], "functions": {"": {"executed_lines": [], "summary": {"covered_lines": 0, "num_statements": 7, "percent_covered": 0.0, "percent_covered_display": "0.0", "missing_lines": 7, "excluded_lines": 0, "percent_statements_covered": 0.0, "percent_statements_covered_display": "0.0"}, "missing_lines": [1, 3, 4, 5, 6, 7, 9], "excluded_lines": [], "start_line": 1}}, "classes": {"": {"executed_lines": [], "summary": {"covered_lines": 0, "num_statements": 7, "percent_covered": 0.0, "percent_covered_display": "0.0", "missing_lines": 7, "excluded_lines": 0, "percent_statements_covered": 0.0, "percent_statements_covered_display": "0.0"}, "missing_lines": [1, 3, 4, 5, 6, 7, 9], "excluded_lines": [], "start_line": 1}}}, "utm_adapter/views.py": {"executed_lines": [], "summary": {"covered_lines": 0, "num_statements": 0, "percent_covered": 100.0, "percent_covered_display": "100.0", "missing_lines": 0, "excluded_lines": 0, "percent_statements_covered": 100.0, "percent_statements_covered_display": "100.0"}, "missing_lines": [], "excluded_lines": [], "functions": {"": {"executed_lines": [], "summary": {"covered_lines": 0, "num_statements": 0, "percent_covered": 100.0, "percent_covered_display": "100.0", "missing_lines": 0, "excluded_lines": 0, "percent_statements_covered": 100.0, "percent_statements_covered_display": "100.0"}, "missing_lines": [], "excluded_lines": [], "start_line": 1}}, "classes": {"": {"executed_lines": [], "summary": {"covered_lines": 0, "num_statements": 0, "percent_covered": 100.0, "percent_covered_display": "100.0", "missing_lines": 0, "excluded_lines": 0, "percent_statements_covered": 100.0, "percent_statements_covered_display": "100.0"}, "missing_lines": [], "excluded_lines": [], "start_line": 1}}}, "weather_monitoring_operations/__init__.py": {"executed_lines": [], "summary": {"covered_lines": 0, "num_statements": 0, "percent_covered": 100.0, "percent_covered_display": "100.0", "missing_lines": 0, "excluded_lines": 0, "percent_statements_covered": 100.0, "percent_statements_covered_display": "100.0"}, "missing_lines": [], "excluded_lines": [], "functions": {"": {"executed_lines": [], "summary": {"covered_lines": 0, "num_statements": 0, "percent_covered": 100.0, "percent_covered_display": "100.0", "missing_lines": 0, "excluded_lines": 0, "percent_statements_covered": 100.0, "percent_statements_covered_display": "100.0"}, "missing_lines": [], "excluded_lines": [], "start_line": 1}}, "classes": {"": {"executed_lines": [], "summary": {"covered_lines": 0, "num_statements": 0, "percent_covered": 100.0, "percent_covered_display": "100.0", "missing_lines": 0, "excluded_lines": 0, "percent_statements_covered": 100.0, "percent_statements_covered_display": "100.0"}, "missing_lines": [], "excluded_lines": [], "start_line": 1}}}, "weather_monitoring_operations/apps.py": {"executed_lines": [1, 4, 5, 6], "summary": {"covered_lines": 4, "num_statements": 4, "percent_covered": 100.0, "percent_covered_display": "100.0", "missing_lines": 0, "excluded_lines": 0, "percent_statements_covered": 100.0, "percent_statements_covered_display": "100.0"}, "missing_lines": [], "excluded_lines": [], "functions": {"": {"executed_lines": [1, 4, 5, 6], "summary": {"covered_lines": 4, "num_statements": 4, "percent_covered": 100.0, "percent_covered_display": "100.0", "missing_lines": 0, "excluded_lines": 0, "percent_statements_covered": 100.0, "percent_statements_covered_display": "100.0"}, "missing_lines": [], "excluded_lines": [], "start_line": 1}}, "classes": {"WeatherMonitoringOperationsConfig": {"executed_lines": [], "summary": {"covered_lines": 0, "num_statements": 0, "percent_covered": 100.0, "percent_covered_display": "100.0", "missing_lines": 0, "excluded_lines": 0, "percent_statements_covered": 100.0, "percent_statements_covered_display": "100.0"}, "missing_lines": [], "excluded_lines": [], "start_line": 4}, "": {"executed_lines": [1, 4, 5, 6], "summary": {"covered_lines": 4, "num_statements": 4, "percent_covered": 100.0, "percent_covered_display": "100.0", "missing_lines": 0, "excluded_lines": 0, "percent_statements_covered": 100.0, "percent_statements_covered_display": "100.0"}, "missing_lines": [], "excluded_lines": [], "start_line": 1}}}, "weather_monitoring_operations/serializers.py": {"executed_lines": [], "summary": {"covered_lines": 0, "num_statements": 25, "percent_covered": 0.0, "percent_covered_display": "0.0", "missing_lines": 25, "excluded_lines": 0, "percent_statements_covered": 0.0, "percent_statements_covered_display": "0.0"}, "missing_lines": [1, 4, 5, 6, 7, 8, 9, 10, 13, 14, 15, 16, 17, 18, 19, 22, 23, 24, 25, 26, 27, 28, 29, 30, 31], "excluded_lines": [], "functions": {"": {"executed_lines": [], "summary": {"covered_lines": 0, "num_statements": 25, "percent_covered": 0.0, "percent_covered_display": "0.0", "missing_lines": 25, "excluded_lines": 0, "percent_statements_covered": 0.0, "percent_statements_covered_display": "0.0"}, "missing_lines": [1, 4, 5, 6, 7, 8, 9, 10, 13, 14, 15, 16, 17, 18, 19, 22, 23, 24, 25, 26, 27, 28, 29, 30, 31], "excluded_lines": [], "start_line": 1}}, "classes": {"HourlySerializer": {"executed_lines": [], "summary": {"covered_lines": 0, "num_statements": 0, "percent_covered": 100.0, "percent_covered_display": "100.0", "missing_lines": 0, "excluded_lines": 0, "percent_statements_covered": 100.0, "percent_statements_covered_display": "100.0"}, "missing_lines": [], "excluded_lines": [], "start_line": 4}, "HourlyUnitsSerializer": {"executed_lines": [], "summary": {"covered_lines": 0, "num_statements": 0, "percent_covered": 100.0, "percent_covered_display": "100.0", "missing_lines": 0, "excluded_lines": 0, "percent_statements_covered": 100.0, "percent_statements_covered_display": "100.0"}, "missing_lines": [], "excluded_lines": [], "start_line": 13}, "WeatherSerializer": {"executed_lines": [], "summary": {"covered_lines": 0, "num_statements": 0, "percent_covered": 100.0, "percent_covered_display": "100.0", "missing_lines": 0, "excluded_lines": 0, "percent_statements_covered": 100.0, "percent_statements_covered_display": "100.0"}, "missing_lines": [], "excluded_lines": [], "start_line": 22}, "": {"executed_lines": [], "summary": {"covered_lines": 0, "num_statements": 25, "percent_covered": 0.0, "percent_covered_display": "0.0", "missing_lines": 25, "excluded_lines": 0, "percent_statements_covered": 0.0, "percent_statements_covered_display": "0.0"}, "missing_lines": [1, 4, 5, 6, 7, 8, 9, 10, 13, 14, 15, 16, 17, 18, 19, 22, 23, 24, 25, 26, 27, 28, 29, 30, 31], "excluded_lines": [], "start_line": 1}}}, "weather_monitoring_operations/urls.py": {"executed_lines": [], "summary": {"covered_lines": 0, "num_statements": 3, "percent_covered": 0.0, "percent_covered_display": "0.0", "missing_lines": 3, "excluded_lines": 0, "percent_statements_covered": 0.0, "percent_statements_covered_display": "0.0"}, "missing_lines": [1, 3, 5], "excluded_lines": [], "functions": {"": {"executed_lines": [], "summary": {"covered_lines": 0, "num_statements": 3, "percent_covered": 0.0, "percent_covered_display": "0.0", "missing_lines": 3, "excluded_lines": 0, "percent_statements_covered": 0.0, "percent_statements_covered_display": "0.0"}, "missing_lines": [1, 3, 5], "excluded_lines": [], "start_line": 1}}, "classes": {"": {"executed_lines": [], "summary": {"covered_lines": 0, "num_statements": 3, "percent_covered": 0.0, "percent_covered_display": "0.0", "missing_lines": 3, "excluded_lines": 0, "percent_statements_covered": 0.0, "percent_statements_covered_display": "0.0"}, "missing_lines": [1, 3, 5], "excluded_lines": [], "start_line": 1}}}, "weather_monitoring_operations/views.py": {"executed_lines": [], "summary": {"covered_lines": 0, "num_statements": 28, "percent_covered": 0.0, "percent_covered_display": "0.0", "missing_lines": 28, "excluded_lines": 0, "percent_statements_covered": 0.0, "percent_statements_covered_display": "0.0"}, "missing_lines": [1, 2, 3, 4, 5, 6, 8, 9, 10, 12, 15, 16, 17, 18, 19, 20, 21, 23, 24, 29, 30, 35, 37, 39, 40, 42, 43, 44], "excluded_lines": [], "functions": {"WeatherAPIView.get": {"executed_lines": [], "summary": {"covered_lines": 0, "num_statements": 15, "percent_covered": 0.0, "percent_covered_display": "0.0", "missing_lines": 15, "excluded_lines": 0, "percent_statements_covered": 0.0, "percent_statements_covered_display": "0.0"}, "missing_lines": [18, 19, 20, 21, 23, 24, 29, 30, 35, 37, 39, 40, 42, 43, 44], "excluded_lines": [], "start_line": 17}, "": {"executed_lines": [], "summary": {"covered_lines": 0, "num_statements": 13, "percent_covered": 0.0, "percent_covered_display": "0.0", "missing_lines": 13, "excluded_lines": 0, "percent_statements_covered": 0.0, "percent_statements_covered_display": "0.0"}, "missing_lines": [1, 2, 3, 4, 5, 6, 8, 9, 10, 12, 15, 16, 17], "excluded_lines": [], "start_line": 1}}, "classes": {"WeatherAPIView": {"executed_lines": [], "summary": {"covered_lines": 0, "num_statements": 15, "percent_covered": 0.0, "percent_covered_display": "0.0", "missing_lines": 15, "excluded_lines": 0, "percent_statements_covered": 0.0, "percent_statements_covered_display": "0.0"}, "missing_lines": [18, 19, 20, 21, 23, 24, 29, 30, 35, 37, 39, 40, 42, 43, 44], "excluded_lines": [], "start_line": 16}, "": {"executed_lines": [], "summary": {"covered_lines": 0, "num_statements": 13, "percent_covered": 0.0, "percent_covered_display": "0.0", "missing_lines": 13, "excluded_lines": 0, "percent_statements_covered": 0.0, "percent_statements_covered_display": "0.0"}, "missing_lines": [1, 2, 3, 4, 5, 6, 8, 9, 10, 12, 15, 16, 17], "excluded_lines": [], "start_line": 1}}}}, "totals": {"covered_lines": 3468, "num_statements": 10212, "percent_covered": 33.96004700352526, "percent_covered_display": "34.0", "missing_lines": 6744, "excluded_lines": 6, "percent_statements_covered": 33.96004700352526, "percent_statements_covered_display": "34.0"}}